2025-05-19 15:53:26,374 - __main__ - INFO - Starting transcription pipeline
2025-05-19 15:53:26,374 - __main__ - INFO - Processing file: src\data\mp3\Inside Polands Communist City  NOWA HUTA.mp3
2025-05-19 15:53:35,528 - root - INFO - Uploaded: src\data\mp3\Inside Polands Communist City  NOWA HUTA.mp3
2025-05-19 15:53:54,342 - root - INFO - Transcription complete.
2025-05-19 15:53:54,342 - __main__ - INFO - Transcription ID: bef16641-a114-454c-880b-a0857f785fb3
2025-05-19 15:54:19,263 - root - INFO - Emotion classification completed for 425 sentences.
2025-05-19 15:54:19,263 - root - INFO - Retrieved 425 sentences for transcript ID: bef16641-a114-454c-880b-a0857f785fb3
2025-05-19 15:54:19,277 - root - INFO - Saved output to src\data\processed\final_output.csv
2025-05-19 15:54:19,277 - __main__ - INFO - Final output saved to CSV
2025-05-19 15:56:48,056 - INFO - Starting transcription pipeline
2025-05-19 15:56:48,065 - INFO - Processing file: src\data\mp3\Inside Polands Communist City  NOWA HUTA.mp3
2025-05-19 15:56:48,166 - DEBUG - Starting new HTTPS connection (1): api.assemblyai.com:443
2025-05-19 15:56:58,384 - DEBUG - https://api.assemblyai.com:443 "POST /v2/upload HTTP/1.1" 200 88
2025-05-19 15:56:58,386 - INFO - Uploaded: src\data\mp3\Inside Polands Communist City  NOWA HUTA.mp3
2025-05-19 15:56:58,394 - DEBUG - Starting new HTTPS connection (1): api.assemblyai.com:443
2025-05-19 15:56:59,005 - DEBUG - https://api.assemblyai.com:443 "POST /v2/transcript HTTP/1.1" 200 1655
2025-05-19 15:56:59,009 - DEBUG - Starting new HTTPS connection (1): api.assemblyai.com:443
2025-05-19 15:56:59,517 - DEBUG - https://api.assemblyai.com:443 "GET /v2/transcript/4129bca7-7757-42ec-92b3-c34d3b6a44f3 HTTP/1.1" 200 1657
2025-05-19 15:57:04,520 - DEBUG - Starting new HTTPS connection (1): api.assemblyai.com:443
2025-05-19 15:57:05,128 - DEBUG - https://api.assemblyai.com:443 "GET /v2/transcript/4129bca7-7757-42ec-92b3-c34d3b6a44f3 HTTP/1.1" 200 1657
2025-05-19 15:57:10,132 - DEBUG - Starting new HTTPS connection (1): api.assemblyai.com:443
2025-05-19 15:57:10,659 - DEBUG - https://api.assemblyai.com:443 "GET /v2/transcript/4129bca7-7757-42ec-92b3-c34d3b6a44f3 HTTP/1.1" 200 1657
2025-05-19 15:57:15,666 - DEBUG - Starting new HTTPS connection (1): api.assemblyai.com:443
2025-05-19 15:57:16,903 - DEBUG - https://api.assemblyai.com:443 "GET /v2/transcript/4129bca7-7757-42ec-92b3-c34d3b6a44f3 HTTP/1.1" 200 520165
2025-05-19 15:57:17,641 - INFO - Transcription complete.
2025-05-19 15:57:17,641 - INFO - Transcription ID: 4129bca7-7757-42ec-92b3-c34d3b6a44f3
2025-05-19 15:57:17,641 - DEBUG - Starting new HTTPS connection (1): api.assemblyai.com:443
2025-05-19 15:57:18,690 - DEBUG - https://api.assemblyai.com:443 "GET /v2/transcript/4129bca7-7757-42ec-92b3-c34d3b6a44f3/sentences HTTP/1.1" 200 560629
2025-05-19 15:57:43,146 - INFO - Emotion classification completed for 425 sentences.
2025-05-19 15:57:43,148 - INFO - Retrieved 425 sentences for transcript ID: 4129bca7-7757-42ec-92b3-c34d3b6a44f3
2025-05-19 15:57:43,163 - INFO - Saved output to src\data\processed\final_output.csv
2025-05-19 15:57:43,163 - INFO - Final output saved to CSV
2025-05-19 16:08:09,404 - INFO - Starting transcription pipeline
2025-05-19 16:08:09,404 - INFO - Processing file: src\data\mp3\Inside Polands Communist City  NOWA HUTA.mp3
2025-05-19 16:08:09,462 - DEBUG - Starting new HTTPS connection (1): api.assemblyai.com:443
2025-05-19 16:08:20,029 - DEBUG - https://api.assemblyai.com:443 "POST /v2/upload HTTP/1.1" 200 88
2025-05-19 16:08:20,029 - INFO - Uploaded: src\data\mp3\Inside Polands Communist City  NOWA HUTA.mp3
2025-05-19 16:08:20,046 - DEBUG - Starting new HTTPS connection (1): api.assemblyai.com:443
2025-05-19 16:08:20,544 - DEBUG - https://api.assemblyai.com:443 "POST /v2/transcript HTTP/1.1" 200 1655
2025-05-19 16:08:20,544 - DEBUG - Starting new HTTPS connection (1): api.assemblyai.com:443
2025-05-19 16:08:21,015 - DEBUG - https://api.assemblyai.com:443 "GET /v2/transcript/0123cd52-72b7-407e-b25d-3dc25d9481e1 HTTP/1.1" 200 1657
2025-05-19 16:08:26,020 - DEBUG - Starting new HTTPS connection (1): api.assemblyai.com:443
2025-05-19 16:08:26,503 - DEBUG - https://api.assemblyai.com:443 "GET /v2/transcript/0123cd52-72b7-407e-b25d-3dc25d9481e1 HTTP/1.1" 200 1657
2025-05-19 16:08:31,507 - DEBUG - Starting new HTTPS connection (1): api.assemblyai.com:443
2025-05-19 16:08:31,987 - DEBUG - https://api.assemblyai.com:443 "GET /v2/transcript/0123cd52-72b7-407e-b25d-3dc25d9481e1 HTTP/1.1" 200 1657
2025-05-19 16:08:36,990 - DEBUG - Starting new HTTPS connection (1): api.assemblyai.com:443
2025-05-19 16:08:37,897 - DEBUG - https://api.assemblyai.com:443 "GET /v2/transcript/0123cd52-72b7-407e-b25d-3dc25d9481e1 HTTP/1.1" 200 520165
2025-05-19 16:08:38,482 - INFO - Transcription complete.
2025-05-19 16:08:38,482 - INFO - Transcription ID: 0123cd52-72b7-407e-b25d-3dc25d9481e1
2025-05-19 16:08:38,484 - DEBUG - Starting new HTTPS connection (1): api.assemblyai.com:443
2025-05-19 16:08:39,200 - DEBUG - https://api.assemblyai.com:443 "GET /v2/transcript/0123cd52-72b7-407e-b25d-3dc25d9481e1/sentences HTTP/1.1" 200 560629
2025-05-19 16:09:26,155 - INFO - Emotion classification completed for 425 sentences.
2025-05-19 16:09:26,163 - INFO - Retrieved 425 sentences for transcript ID: 0123cd52-72b7-407e-b25d-3dc25d9481e1
2025-05-19 16:09:26,163 - INFO - Saved output to src\data\processed\final_output.csv
2025-05-19 16:09:26,163 - INFO - Final output saved to CSV
2025-05-19 16:20:47,137 - INFO - Starting transcription pipeline
2025-05-19 16:20:47,137 - INFO - Processing file: src\data\mp3\Inside Polands Communist City  NOWA HUTA.mp3
2025-05-19 16:20:47,169 - DEBUG - Starting new HTTPS connection (1): api.assemblyai.com:443
2025-05-19 16:20:56,960 - DEBUG - https://api.assemblyai.com:443 "POST /v2/upload HTTP/1.1" 200 88
2025-05-19 16:20:56,962 - INFO - Uploaded: src\data\mp3\Inside Polands Communist City  NOWA HUTA.mp3
2025-05-19 16:20:56,964 - DEBUG - Starting new HTTPS connection (1): api.assemblyai.com:443
2025-05-19 16:20:57,455 - DEBUG - https://api.assemblyai.com:443 "POST /v2/transcript HTTP/1.1" 200 1655
2025-05-19 16:20:57,457 - DEBUG - Starting new HTTPS connection (1): api.assemblyai.com:443
2025-05-19 16:20:57,933 - DEBUG - https://api.assemblyai.com:443 "GET /v2/transcript/78396f5d-9483-4379-86c8-9158974da00c HTTP/1.1" 200 1657
2025-05-19 16:21:02,936 - DEBUG - Starting new HTTPS connection (1): api.assemblyai.com:443
2025-05-19 16:21:03,406 - DEBUG - https://api.assemblyai.com:443 "GET /v2/transcript/78396f5d-9483-4379-86c8-9158974da00c HTTP/1.1" 200 1657
2025-05-19 16:21:08,409 - DEBUG - Starting new HTTPS connection (1): api.assemblyai.com:443
2025-05-19 16:21:08,883 - DEBUG - https://api.assemblyai.com:443 "GET /v2/transcript/78396f5d-9483-4379-86c8-9158974da00c HTTP/1.1" 200 1657
2025-05-19 16:21:13,892 - DEBUG - Starting new HTTPS connection (1): api.assemblyai.com:443
2025-05-19 16:21:14,887 - DEBUG - https://api.assemblyai.com:443 "GET /v2/transcript/78396f5d-9483-4379-86c8-9158974da00c HTTP/1.1" 200 520165
2025-05-19 16:21:15,479 - INFO - Transcription complete.
2025-05-19 16:21:15,479 - INFO - Transcription ID: 78396f5d-9483-4379-86c8-9158974da00c
2025-05-19 16:21:15,481 - DEBUG - Starting new HTTPS connection (1): api.assemblyai.com:443
2025-05-19 16:21:16,384 - DEBUG - https://api.assemblyai.com:443 "GET /v2/transcript/78396f5d-9483-4379-86c8-9158974da00c/sentences HTTP/1.1" 200 560629
2025-05-19 16:21:55,508 - INFO - Emotion classification completed for 425 sentences.
2025-05-19 16:21:55,509 - INFO - Retrieved 425 sentences for transcript ID: 78396f5d-9483-4379-86c8-9158974da00c
2025-05-19 16:21:55,514 - INFO - Saved output to src\data\processed\final_output.csv
2025-05-19 16:21:55,514 - INFO - Final output saved to CSV
2025-05-20 17:00:33,522 - INFO - Starting transcription pipeline
2025-05-20 17:00:33,523 - INFO - Processing file: src/data/mp3/Inside Polands Communist City  NOWA HUTA.mp3
2025-05-20 17:00:33,578 - DEBUG - Starting new HTTPS connection (1): api.assemblyai.com:443
2025-05-20 17:00:49,265 - DEBUG - https://api.assemblyai.com:443 "POST /v2/upload HTTP/1.1" 200 88
2025-05-20 17:00:49,265 - INFO - Uploaded: src/data/mp3/Inside Polands Communist City  NOWA HUTA.mp3
2025-05-20 17:00:49,267 - DEBUG - Starting new HTTPS connection (1): api.assemblyai.com:443
2025-05-20 17:00:49,994 - DEBUG - https://api.assemblyai.com:443 "POST /v2/transcript HTTP/1.1" 200 1655
2025-05-20 17:00:49,999 - DEBUG - Starting new HTTPS connection (1): api.assemblyai.com:443
2025-05-20 17:00:50,768 - DEBUG - https://api.assemblyai.com:443 "GET /v2/transcript/945299a9-30db-487a-9a67-3879637e5c88 HTTP/1.1" 200 1657
2025-05-20 17:00:55,781 - DEBUG - Starting new HTTPS connection (1): api.assemblyai.com:443
2025-05-20 17:00:56,529 - DEBUG - https://api.assemblyai.com:443 "GET /v2/transcript/945299a9-30db-487a-9a67-3879637e5c88 HTTP/1.1" 200 1657
2025-05-20 17:01:01,542 - DEBUG - Starting new HTTPS connection (1): api.assemblyai.com:443
2025-05-20 17:01:02,158 - DEBUG - https://api.assemblyai.com:443 "GET /v2/transcript/945299a9-30db-487a-9a67-3879637e5c88 HTTP/1.1" 200 1657
2025-05-20 17:01:07,167 - DEBUG - Starting new HTTPS connection (1): api.assemblyai.com:443
2025-05-20 17:01:07,786 - DEBUG - https://api.assemblyai.com:443 "GET /v2/transcript/945299a9-30db-487a-9a67-3879637e5c88 HTTP/1.1" 200 1657
2025-05-20 17:01:12,800 - DEBUG - Starting new HTTPS connection (1): api.assemblyai.com:443
2025-05-20 17:01:13,768 - DEBUG - https://api.assemblyai.com:443 "GET /v2/transcript/945299a9-30db-487a-9a67-3879637e5c88 HTTP/1.1" 200 520197
2025-05-20 17:01:14,699 - INFO - Transcription complete.
2025-05-20 17:01:14,702 - INFO - Transcription ID: 945299a9-30db-487a-9a67-3879637e5c88
2025-05-20 17:01:14,704 - DEBUG - Starting new HTTPS connection (1): api.assemblyai.com:443
2025-05-20 17:01:15,826 - DEBUG - https://api.assemblyai.com:443 "GET /v2/transcript/945299a9-30db-487a-9a67-3879637e5c88/sentences HTTP/1.1" 200 560664
2025-05-20 17:01:45,078 - INFO - Emotion classification completed for 425 sentences.
2025-05-20 17:01:45,079 - INFO - Retrieved 425 sentences for transcript ID: 945299a9-30db-487a-9a67-3879637e5c88
2025-05-20 17:01:45,085 - INFO - Saved output to src/data/processed/final_output.csv
2025-05-20 17:01:45,085 - INFO - Final output saved to CSV
2025-05-21 11:39:00,418 - INFO - Starting transcription pipeline
2025-05-21 11:39:00,419 - INFO - Processing file: src/data/mp3/Inside Polands Communist City  NOWA HUTA.mp3
2025-05-21 11:39:00,456 - DEBUG - Starting new HTTPS connection (1): api.assemblyai.com:443
2025-05-21 11:39:10,229 - DEBUG - https://api.assemblyai.com:443 "POST /v2/upload HTTP/1.1" 200 88
2025-05-21 11:39:10,231 - INFO - Uploaded: src/data/mp3/Inside Polands Communist City  NOWA HUTA.mp3
2025-05-21 11:39:10,234 - DEBUG - Starting new HTTPS connection (1): api.assemblyai.com:443
2025-05-21 11:39:10,865 - DEBUG - https://api.assemblyai.com:443 "POST /v2/transcript HTTP/1.1" 200 1655
2025-05-21 11:39:10,871 - DEBUG - Starting new HTTPS connection (1): api.assemblyai.com:443
2025-05-21 11:39:11,495 - DEBUG - https://api.assemblyai.com:443 "GET /v2/transcript/ff919139-0093-4f5a-9738-4e673b92640f HTTP/1.1" 200 1657
2025-05-21 11:39:16,505 - DEBUG - Starting new HTTPS connection (1): api.assemblyai.com:443
2025-05-21 11:39:17,076 - DEBUG - https://api.assemblyai.com:443 "GET /v2/transcript/ff919139-0093-4f5a-9738-4e673b92640f HTTP/1.1" 200 1657
2025-05-21 11:39:22,087 - DEBUG - Starting new HTTPS connection (1): api.assemblyai.com:443
2025-05-21 11:39:22,575 - DEBUG - https://api.assemblyai.com:443 "GET /v2/transcript/ff919139-0093-4f5a-9738-4e673b92640f HTTP/1.1" 200 1657
2025-05-21 11:39:27,580 - DEBUG - Starting new HTTPS connection (1): api.assemblyai.com:443
2025-05-21 11:39:28,763 - DEBUG - https://api.assemblyai.com:443 "GET /v2/transcript/ff919139-0093-4f5a-9738-4e673b92640f HTTP/1.1" 200 520197
2025-05-21 11:39:29,404 - INFO - Transcription complete.
2025-05-21 11:39:29,404 - INFO - Transcription ID: ff919139-0093-4f5a-9738-4e673b92640f
2025-05-21 11:39:29,406 - DEBUG - Starting new HTTPS connection (1): api.assemblyai.com:443
2025-05-21 11:39:30,416 - DEBUG - https://api.assemblyai.com:443 "GET /v2/transcript/ff919139-0093-4f5a-9738-4e673b92640f/sentences HTTP/1.1" 200 560664
2025-05-21 11:40:06,737 - INFO - Emotion classification completed for 425 sentences.
2025-05-21 11:40:06,739 - INFO - Retrieved 425 sentences for transcript ID: ff919139-0093-4f5a-9738-4e673b92640f
2025-05-21 11:40:06,747 - INFO - Saved output to src/data/processed/final_output.csv
2025-05-21 11:40:06,747 - INFO - Final output saved to CSV
2025-05-21 11:45:09,273 - INFO - Starting transcription pipeline
2025-05-21 11:45:09,273 - INFO - Processing file: src/data/mp3/Inside Polands Communist City  NOWA HUTA.mp3
2025-05-21 11:45:09,305 - DEBUG - Starting new HTTPS connection (1): api.assemblyai.com:443
2025-05-21 11:45:19,181 - DEBUG - https://api.assemblyai.com:443 "POST /v2/upload HTTP/1.1" 200 88
2025-05-21 11:45:19,185 - INFO - Uploaded: src/data/mp3/Inside Polands Communist City  NOWA HUTA.mp3
2025-05-21 11:45:19,191 - DEBUG - Starting new HTTPS connection (1): api.assemblyai.com:443
2025-05-21 11:45:20,095 - DEBUG - https://api.assemblyai.com:443 "POST /v2/transcript HTTP/1.1" 200 1655
2025-05-21 11:45:20,099 - DEBUG - Starting new HTTPS connection (1): api.assemblyai.com:443
2025-05-21 11:45:20,725 - DEBUG - https://api.assemblyai.com:443 "GET /v2/transcript/b5941f6b-2e05-4c90-9a80-ff3675e2e6d2 HTTP/1.1" 200 1657
2025-05-21 11:45:25,738 - DEBUG - Starting new HTTPS connection (1): api.assemblyai.com:443
2025-05-21 11:45:26,654 - DEBUG - https://api.assemblyai.com:443 "GET /v2/transcript/b5941f6b-2e05-4c90-9a80-ff3675e2e6d2 HTTP/1.1" 200 1657
2025-05-21 11:45:31,668 - DEBUG - Starting new HTTPS connection (1): api.assemblyai.com:443
2025-05-21 11:45:32,284 - DEBUG - https://api.assemblyai.com:443 "GET /v2/transcript/b5941f6b-2e05-4c90-9a80-ff3675e2e6d2 HTTP/1.1" 200 1657
2025-05-21 11:45:37,300 - DEBUG - Starting new HTTPS connection (1): api.assemblyai.com:443
2025-05-21 11:45:38,295 - DEBUG - https://api.assemblyai.com:443 "GET /v2/transcript/b5941f6b-2e05-4c90-9a80-ff3675e2e6d2 HTTP/1.1" 200 520197
2025-05-21 11:45:38,960 - INFO - Transcription complete.
2025-05-21 11:45:38,961 - INFO - Transcription ID: b5941f6b-2e05-4c90-9a80-ff3675e2e6d2
2025-05-21 11:45:38,964 - DEBUG - Starting new HTTPS connection (1): api.assemblyai.com:443
2025-05-21 11:45:39,992 - DEBUG - https://api.assemblyai.com:443 "GET /v2/transcript/b5941f6b-2e05-4c90-9a80-ff3675e2e6d2/sentences HTTP/1.1" 200 560664
2025-05-21 11:46:07,748 - INFO - Emotion classification completed for 425 sentences.
2025-05-21 11:46:07,749 - INFO - Retrieved 425 sentences for transcript ID: b5941f6b-2e05-4c90-9a80-ff3675e2e6d2
2025-05-21 11:46:07,753 - INFO - Saved output to src/data/processed/final_output.csv
2025-05-21 11:46:07,753 - INFO - Final output saved to CSV
2025-05-21 11:49:58,057 - INFO - Starting transcription pipeline
2025-05-21 11:49:58,058 - INFO - Processing file: src/data/mp3/Inside Polands Communist City  NOWA HUTA.mp3
2025-05-21 11:49:58,088 - DEBUG - Starting new HTTPS connection (1): api.assemblyai.com:443
2025-05-21 11:50:08,355 - DEBUG - https://api.assemblyai.com:443 "POST /v2/upload HTTP/1.1" 200 88
2025-05-21 11:50:08,359 - INFO - Uploaded: src/data/mp3/Inside Polands Communist City  NOWA HUTA.mp3
2025-05-21 11:50:08,364 - DEBUG - Starting new HTTPS connection (1): api.assemblyai.com:443
2025-05-21 11:50:09,028 - DEBUG - https://api.assemblyai.com:443 "POST /v2/transcript HTTP/1.1" 200 1655
2025-05-21 11:50:09,036 - DEBUG - Starting new HTTPS connection (1): api.assemblyai.com:443
2025-05-21 11:50:09,569 - DEBUG - https://api.assemblyai.com:443 "GET /v2/transcript/a815c48a-587c-4626-b5bb-3dbc3282c094 HTTP/1.1" 200 1657
2025-05-21 11:50:14,576 - DEBUG - Starting new HTTPS connection (1): api.assemblyai.com:443
2025-05-21 11:50:15,188 - DEBUG - https://api.assemblyai.com:443 "GET /v2/transcript/a815c48a-587c-4626-b5bb-3dbc3282c094 HTTP/1.1" 200 1657
2025-05-21 11:50:20,202 - DEBUG - Starting new HTTPS connection (1): api.assemblyai.com:443
2025-05-21 11:50:20,730 - DEBUG - https://api.assemblyai.com:443 "GET /v2/transcript/a815c48a-587c-4626-b5bb-3dbc3282c094 HTTP/1.1" 200 1657
2025-05-21 11:50:25,742 - DEBUG - Starting new HTTPS connection (1): api.assemblyai.com:443
2025-05-21 11:50:26,674 - DEBUG - https://api.assemblyai.com:443 "GET /v2/transcript/a815c48a-587c-4626-b5bb-3dbc3282c094 HTTP/1.1" 200 520197
2025-05-21 11:50:27,373 - INFO - Transcription complete.
2025-05-21 11:50:27,374 - INFO - Transcription ID: a815c48a-587c-4626-b5bb-3dbc3282c094
2025-05-21 11:50:27,376 - DEBUG - Starting new HTTPS connection (1): api.assemblyai.com:443
2025-05-21 11:50:28,435 - DEBUG - https://api.assemblyai.com:443 "GET /v2/transcript/a815c48a-587c-4626-b5bb-3dbc3282c094/sentences HTTP/1.1" 200 560664
2025-05-21 11:50:56,025 - INFO - Emotion classification completed for 425 sentences.
2025-05-21 11:50:56,026 - INFO - Retrieved 425 sentences for transcript ID: a815c48a-587c-4626-b5bb-3dbc3282c094
2025-05-21 11:50:56,030 - INFO - Saved output to src/data/processed/final_output.csv
2025-05-21 11:50:56,030 - INFO - Final output saved to CSV
2025-05-21 13:27:59,305 - INFO - Starting transcription pipeline
2025-05-21 13:27:59,305 - INFO - Processing file: /Users/celinewu/Documents/GitHub/2024-25d-fai2-adsai-group-nlp7/src/data/mp3/Sondy_FIXED.mp3
2025-05-21 13:27:59,319 - DEBUG - Starting new HTTPS connection (1): api.assemblyai.com:443
2025-05-21 13:28:08,462 - DEBUG - https://api.assemblyai.com:443 "POST /v2/upload HTTP/1.1" 200 88
2025-05-21 13:28:08,465 - INFO - Uploaded: /Users/celinewu/Documents/GitHub/2024-25d-fai2-adsai-group-nlp7/src/data/mp3/Sondy_FIXED.mp3
2025-05-21 13:28:08,470 - DEBUG - Starting new HTTPS connection (1): api.assemblyai.com:443
2025-05-21 13:28:08,985 - DEBUG - https://api.assemblyai.com:443 "POST /v2/transcript HTTP/1.1" 200 1655
2025-05-21 13:28:08,987 - DEBUG - Starting new HTTPS connection (1): api.assemblyai.com:443
2025-05-21 13:28:09,510 - DEBUG - https://api.assemblyai.com:443 "GET /v2/transcript/0c55ada9-eb1e-4652-a2af-7682668f437f HTTP/1.1" 200 1657
2025-05-21 13:28:14,515 - DEBUG - Starting new HTTPS connection (1): api.assemblyai.com:443
2025-05-21 13:28:15,045 - DEBUG - https://api.assemblyai.com:443 "GET /v2/transcript/0c55ada9-eb1e-4652-a2af-7682668f437f HTTP/1.1" 200 1657
2025-05-21 13:28:20,057 - DEBUG - Starting new HTTPS connection (1): api.assemblyai.com:443
2025-05-21 13:28:20,601 - DEBUG - https://api.assemblyai.com:443 "GET /v2/transcript/0c55ada9-eb1e-4652-a2af-7682668f437f HTTP/1.1" 200 3378
2025-05-21 13:28:20,605 - INFO - Transcription complete.
2025-05-21 13:28:20,605 - INFO - Transcription ID: 0c55ada9-eb1e-4652-a2af-7682668f437f
2025-05-21 13:28:20,607 - DEBUG - Starting new HTTPS connection (1): api.assemblyai.com:443
2025-05-21 13:28:21,129 - DEBUG - https://api.assemblyai.com:443 "GET /v2/transcript/0c55ada9-eb1e-4652-a2af-7682668f437f/sentences HTTP/1.1" 200 1827
2025-05-21 13:28:21,703 - INFO - Emotion classification completed for 1 sentences.
2025-05-21 13:28:21,703 - INFO - Retrieved 1 sentences for transcript ID: 0c55ada9-eb1e-4652-a2af-7682668f437f
2025-05-21 13:28:21,706 - INFO - Saved output to src/data/processed/final_output.csv
2025-05-21 13:28:21,706 - INFO - Final output saved to CSV
2025-05-21 13:30:43,773 - INFO - Starting transcription pipeline
2025-05-21 13:30:43,773 - INFO - Processing file: src/data/mp3/Inside Polands Communist City  NOWA HUTA.mp3
2025-05-21 13:30:43,787 - DEBUG - Starting new HTTPS connection (1): api.assemblyai.com:443
2025-05-21 13:30:54,021 - DEBUG - https://api.assemblyai.com:443 "POST /v2/upload HTTP/1.1" 200 88
2025-05-21 13:30:54,023 - INFO - Uploaded: src/data/mp3/Inside Polands Communist City  NOWA HUTA.mp3
2025-05-21 13:30:54,029 - DEBUG - Starting new HTTPS connection (1): api.assemblyai.com:443
2025-05-21 13:30:54,545 - DEBUG - https://api.assemblyai.com:443 "POST /v2/transcript HTTP/1.1" 200 1655
2025-05-21 13:30:54,551 - DEBUG - Starting new HTTPS connection (1): api.assemblyai.com:443
2025-05-21 13:30:55,060 - DEBUG - https://api.assemblyai.com:443 "GET /v2/transcript/7f7b183e-c4d9-4fb5-b03d-9c451c80f9cc HTTP/1.1" 200 1657
2025-05-21 13:31:00,063 - DEBUG - Starting new HTTPS connection (1): api.assemblyai.com:443
2025-05-21 13:31:00,624 - DEBUG - https://api.assemblyai.com:443 "GET /v2/transcript/7f7b183e-c4d9-4fb5-b03d-9c451c80f9cc HTTP/1.1" 200 1657
2025-05-21 13:31:05,635 - DEBUG - Starting new HTTPS connection (1): api.assemblyai.com:443
2025-05-21 13:31:06,135 - DEBUG - https://api.assemblyai.com:443 "GET /v2/transcript/7f7b183e-c4d9-4fb5-b03d-9c451c80f9cc HTTP/1.1" 200 1657
2025-05-21 13:31:11,146 - DEBUG - Starting new HTTPS connection (1): api.assemblyai.com:443
2025-05-21 13:31:11,683 - DEBUG - https://api.assemblyai.com:443 "GET /v2/transcript/7f7b183e-c4d9-4fb5-b03d-9c451c80f9cc HTTP/1.1" 200 1657
2025-05-21 13:31:16,694 - DEBUG - Starting new HTTPS connection (1): api.assemblyai.com:443
2025-05-21 13:31:17,339 - DEBUG - https://api.assemblyai.com:443 "GET /v2/transcript/7f7b183e-c4d9-4fb5-b03d-9c451c80f9cc HTTP/1.1" 200 1657
2025-05-21 13:31:22,350 - DEBUG - Starting new HTTPS connection (1): api.assemblyai.com:443
2025-05-21 13:31:23,270 - DEBUG - https://api.assemblyai.com:443 "GET /v2/transcript/7f7b183e-c4d9-4fb5-b03d-9c451c80f9cc HTTP/1.1" 200 520197
2025-05-21 13:31:23,977 - INFO - Transcription complete.
2025-05-21 13:31:23,978 - INFO - Transcription ID: 7f7b183e-c4d9-4fb5-b03d-9c451c80f9cc
2025-05-21 13:31:23,980 - DEBUG - Starting new HTTPS connection (1): api.assemblyai.com:443
2025-05-21 13:31:24,963 - DEBUG - https://api.assemblyai.com:443 "GET /v2/transcript/7f7b183e-c4d9-4fb5-b03d-9c451c80f9cc/sentences HTTP/1.1" 200 560664
2025-05-21 13:31:48,634 - INFO - Emotion classification completed for 425 sentences.
2025-05-21 13:31:48,635 - INFO - Retrieved 425 sentences for transcript ID: 7f7b183e-c4d9-4fb5-b03d-9c451c80f9cc
2025-05-21 13:31:48,639 - INFO - Saved output to src/data/processed/final_output.csv
2025-05-21 13:31:48,639 - INFO - Final output saved to CSV
2025-05-21 15:58:55,250 - INFO - Starting transcription pipeline
2025-05-21 15:58:55,250 - INFO - Processing file: src\data\mp3\Inside Polands Communist City  NOWA HUTA.mp3
2025-05-21 15:58:55,353 - DEBUG - Starting new HTTPS connection (1): api.assemblyai.com:443
2025-05-21 15:59:06,096 - DEBUG - https://api.assemblyai.com:443 "POST /v2/upload HTTP/1.1" 200 88
2025-05-21 15:59:06,100 - INFO - Uploaded: src\data\mp3\Inside Polands Communist City  NOWA HUTA.mp3
2025-05-21 15:59:06,106 - DEBUG - Starting new HTTPS connection (1): api.assemblyai.com:443
2025-05-21 15:59:06,640 - DEBUG - https://api.assemblyai.com:443 "POST /v2/transcript HTTP/1.1" 200 1655
2025-05-21 15:59:06,646 - DEBUG - Starting new HTTPS connection (1): api.assemblyai.com:443
2025-05-21 15:59:07,144 - DEBUG - https://api.assemblyai.com:443 "GET /v2/transcript/510a48e9-978b-43e5-9929-2c4f295e4983 HTTP/1.1" 200 1657
2025-05-21 15:59:12,160 - DEBUG - Starting new HTTPS connection (1): api.assemblyai.com:443
2025-05-21 15:59:12,625 - DEBUG - https://api.assemblyai.com:443 "GET /v2/transcript/510a48e9-978b-43e5-9929-2c4f295e4983 HTTP/1.1" 200 1657
2025-05-21 15:59:17,640 - DEBUG - Starting new HTTPS connection (1): api.assemblyai.com:443
2025-05-21 15:59:18,130 - DEBUG - https://api.assemblyai.com:443 "GET /v2/transcript/510a48e9-978b-43e5-9929-2c4f295e4983 HTTP/1.1" 200 1657
2025-05-21 15:59:23,143 - DEBUG - Starting new HTTPS connection (1): api.assemblyai.com:443
2025-05-21 15:59:24,287 - DEBUG - https://api.assemblyai.com:443 "GET /v2/transcript/510a48e9-978b-43e5-9929-2c4f295e4983 HTTP/1.1" 200 520197
2025-05-21 15:59:25,007 - INFO - Transcription complete.
2025-05-21 15:59:25,008 - INFO - Transcription ID: 510a48e9-978b-43e5-9929-2c4f295e4983
2025-05-21 15:59:25,008 - DEBUG - Starting new HTTPS connection (1): api.assemblyai.com:443
2025-05-21 15:59:25,923 - DEBUG - https://api.assemblyai.com:443 "GET /v2/transcript/510a48e9-978b-43e5-9929-2c4f295e4983/sentences HTTP/1.1" 200 560664
2025-05-21 16:00:07,343 - INFO - Emotion classification completed for 425 sentences.
2025-05-21 16:00:07,343 - INFO - Retrieved 425 sentences for transcript ID: 510a48e9-978b-43e5-9929-2c4f295e4983
2025-05-21 16:00:07,378 - INFO - Saved output to src\data\processed\final_output.csv
2025-05-21 16:00:07,385 - INFO - Final output saved to CSV
2025-05-25 14:09:43,232 - INFO - Starting transcription pipeline
2025-05-25 14:09:43,232 - INFO - Processing file: src/data/mp3/Inside Polands Communist City  NOWA HUTA.mp3
2025-05-25 14:09:43,262 - DEBUG - Starting new HTTPS connection (1): api.assemblyai.com:443
2025-05-25 14:10:04,516 - DEBUG - https://api.assemblyai.com:443 "POST /v2/upload HTTP/1.1" 200 88
2025-05-25 14:10:04,519 - INFO - Uploaded: src/data/mp3/Inside Polands Communist City  NOWA HUTA.mp3
2025-05-25 14:10:04,524 - DEBUG - Starting new HTTPS connection (1): api.assemblyai.com:443
2025-05-25 14:10:05,178 - DEBUG - https://api.assemblyai.com:443 "POST /v2/transcript HTTP/1.1" 200 1655
2025-05-25 14:10:05,183 - DEBUG - Starting new HTTPS connection (1): api.assemblyai.com:443
2025-05-25 14:10:05,806 - DEBUG - https://api.assemblyai.com:443 "GET /v2/transcript/0257f7ea-c04b-4eeb-933a-c756431c816e HTTP/1.1" 200 1657
2025-05-25 14:10:10,815 - DEBUG - Starting new HTTPS connection (1): api.assemblyai.com:443
2025-05-25 14:10:11,444 - DEBUG - https://api.assemblyai.com:443 "GET /v2/transcript/0257f7ea-c04b-4eeb-933a-c756431c816e HTTP/1.1" 200 1657
2025-05-25 14:10:16,454 - DEBUG - Starting new HTTPS connection (1): api.assemblyai.com:443
2025-05-25 14:10:17,092 - DEBUG - https://api.assemblyai.com:443 "GET /v2/transcript/0257f7ea-c04b-4eeb-933a-c756431c816e HTTP/1.1" 200 1657
2025-05-25 14:10:22,100 - DEBUG - Starting new HTTPS connection (1): api.assemblyai.com:443
2025-05-25 14:10:23,221 - DEBUG - https://api.assemblyai.com:443 "GET /v2/transcript/0257f7ea-c04b-4eeb-933a-c756431c816e HTTP/1.1" 200 520197
2025-05-25 14:10:23,992 - INFO - Transcription complete.
2025-05-25 14:10:23,993 - INFO - Transcription ID: 0257f7ea-c04b-4eeb-933a-c756431c816e
2025-05-25 14:10:23,995 - DEBUG - Starting new HTTPS connection (1): api.assemblyai.com:443
2025-05-25 14:10:25,132 - DEBUG - https://api.assemblyai.com:443 "GET /v2/transcript/0257f7ea-c04b-4eeb-933a-c756431c816e/sentences HTTP/1.1" 200 560664
2025-05-25 14:10:57,859 - INFO - Emotion classification completed for 425 sentences.
2025-05-25 14:10:57,861 - INFO - Retrieved 425 sentences for transcript ID: 0257f7ea-c04b-4eeb-933a-c756431c816e
2025-05-25 14:10:57,867 - INFO - Saved output to src/data/processed/final_output.csv
2025-05-25 14:10:57,867 - INFO - Final output saved to CSV
2025-05-25 15:50:23,468 - INFO - Starting transcription pipeline
2025-05-25 15:50:23,468 - INFO - Processing file: /Users/deuzavarela/Documents/GitHub/2024-25d-fai2-adsai-group-nlp7/src/data/mp3/Sondy_FIXED.mp3
2025-05-25 15:50:23,494 - DEBUG - Starting new HTTPS connection (1): api.assemblyai.com:443
2025-05-25 15:50:36,319 - DEBUG - https://api.assemblyai.com:443 "POST /v2/upload HTTP/1.1" 200 88
2025-05-25 15:50:36,324 - INFO - Uploaded: /Users/deuzavarela/Documents/GitHub/2024-25d-fai2-adsai-group-nlp7/src/data/mp3/Sondy_FIXED.mp3
2025-05-25 15:50:36,329 - DEBUG - Starting new HTTPS connection (1): api.assemblyai.com:443
2025-05-25 15:50:36,987 - DEBUG - https://api.assemblyai.com:443 "POST /v2/transcript HTTP/1.1" 200 1655
2025-05-25 15:50:36,993 - DEBUG - Starting new HTTPS connection (1): api.assemblyai.com:443
2025-05-25 15:50:37,627 - DEBUG - https://api.assemblyai.com:443 "GET /v2/transcript/64fcfbb9-3eff-451f-b86b-b7619710932b HTTP/1.1" 200 1657
2025-05-25 15:50:42,643 - DEBUG - Starting new HTTPS connection (1): api.assemblyai.com:443
2025-05-25 15:50:43,253 - DEBUG - https://api.assemblyai.com:443 "GET /v2/transcript/64fcfbb9-3eff-451f-b86b-b7619710932b HTTP/1.1" 200 1657
2025-05-25 15:50:48,268 - DEBUG - Starting new HTTPS connection (1): api.assemblyai.com:443
2025-05-25 15:50:48,977 - DEBUG - https://api.assemblyai.com:443 "GET /v2/transcript/64fcfbb9-3eff-451f-b86b-b7619710932b HTTP/1.1" 200 3379
2025-05-25 15:50:48,981 - INFO - Transcription complete.
2025-05-25 15:50:48,982 - INFO - Transcription ID: 64fcfbb9-3eff-451f-b86b-b7619710932b
2025-05-25 15:50:48,986 - DEBUG - Starting new HTTPS connection (1): api.assemblyai.com:443
2025-05-25 15:50:49,604 - DEBUG - https://api.assemblyai.com:443 "GET /v2/transcript/64fcfbb9-3eff-451f-b86b-b7619710932b/sentences HTTP/1.1" 200 1828
2025-05-25 15:50:50,390 - INFO - Emotion classification completed for 1 sentences.
2025-05-25 15:50:50,391 - INFO - Retrieved 1 sentences for transcript ID: 64fcfbb9-3eff-451f-b86b-b7619710932b
2025-05-25 15:50:50,396 - INFO - Saved output to src/data/processed/final_output.csv
2025-05-25 15:50:50,396 - INFO - Final output saved to CSV
2025-05-26 10:30:44,563 - INFO - Starting transcription pipeline
2025-05-26 10:30:44,564 - INFO - Processing file: /Users/deuzavarela/Documents/GitHub/2024-25d-fai2-adsai-group-nlp7/src/data/mp3/Sondy_FIXED.mp3
2025-05-26 10:30:44,585 - DEBUG - Starting new HTTPS connection (1): api.assemblyai.com:443
2025-05-26 10:30:53,982 - DEBUG - https://api.assemblyai.com:443 "POST /v2/upload HTTP/1.1" 200 88
2025-05-26 10:30:53,986 - INFO - Uploaded: /Users/deuzavarela/Documents/GitHub/2024-25d-fai2-adsai-group-nlp7/src/data/mp3/Sondy_FIXED.mp3
2025-05-26 10:30:53,991 - DEBUG - Starting new HTTPS connection (1): api.assemblyai.com:443
2025-05-26 10:30:54,602 - DEBUG - https://api.assemblyai.com:443 "POST /v2/transcript HTTP/1.1" 200 1655
2025-05-26 10:30:54,611 - DEBUG - Starting new HTTPS connection (1): api.assemblyai.com:443
2025-05-26 10:30:55,200 - DEBUG - https://api.assemblyai.com:443 "GET /v2/transcript/f9dc3e6f-30b6-4942-8b27-296e4c443538 HTTP/1.1" 200 1657
2025-05-26 10:31:00,214 - DEBUG - Starting new HTTPS connection (1): api.assemblyai.com:443
2025-05-26 10:31:00,730 - DEBUG - https://api.assemblyai.com:443 "GET /v2/transcript/f9dc3e6f-30b6-4942-8b27-296e4c443538 HTTP/1.1" 200 1657
2025-05-26 10:31:05,745 - DEBUG - Starting new HTTPS connection (1): api.assemblyai.com:443
2025-05-26 10:31:06,279 - DEBUG - https://api.assemblyai.com:443 "GET /v2/transcript/f9dc3e6f-30b6-4942-8b27-296e4c443538 HTTP/1.1" 200 3379
2025-05-26 10:31:06,285 - INFO - Transcription complete.
2025-05-26 10:31:06,285 - INFO - Transcription ID: f9dc3e6f-30b6-4942-8b27-296e4c443538
2025-05-26 10:31:06,289 - DEBUG - Starting new HTTPS connection (1): api.assemblyai.com:443
2025-05-26 10:31:07,190 - DEBUG - https://api.assemblyai.com:443 "GET /v2/transcript/f9dc3e6f-30b6-4942-8b27-296e4c443538/sentences HTTP/1.1" 200 1828
2025-05-26 10:31:07,967 - INFO - Emotion classification completed for 1 sentences.
2025-05-26 10:31:07,968 - INFO - Retrieved 1 sentences for transcript ID: f9dc3e6f-30b6-4942-8b27-296e4c443538
2025-05-26 10:31:07,972 - INFO - Saved output to src/data/processed/final_output.csv
2025-05-26 10:31:07,972 - INFO - Final output saved to CSV
2025-05-26 10:36:48,205 - INFO - Starting transcription pipeline
2025-05-26 10:36:48,205 - INFO - Processing file: /Users/deuzavarela/Documents/GitHub/2024-25d-fai2-adsai-group-nlp7/src/data/mp3/Sondy_FIXED.mp3
2025-05-26 10:36:48,227 - DEBUG - Starting new HTTPS connection (1): api.assemblyai.com:443
2025-05-26 10:36:58,730 - DEBUG - https://api.assemblyai.com:443 "POST /v2/upload HTTP/1.1" 200 88
2025-05-26 10:36:58,734 - INFO - Uploaded: /Users/deuzavarela/Documents/GitHub/2024-25d-fai2-adsai-group-nlp7/src/data/mp3/Sondy_FIXED.mp3
2025-05-26 10:36:58,740 - DEBUG - Starting new HTTPS connection (1): api.assemblyai.com:443
2025-05-26 10:36:59,312 - DEBUG - https://api.assemblyai.com:443 "POST /v2/transcript HTTP/1.1" 200 1655
2025-05-26 10:36:59,322 - DEBUG - Starting new HTTPS connection (1): api.assemblyai.com:443
2025-05-26 10:36:59,883 - DEBUG - https://api.assemblyai.com:443 "GET /v2/transcript/95c1ed0c-6786-4117-8a04-63289500bacd HTTP/1.1" 200 1657
2025-05-26 10:37:04,900 - DEBUG - Starting new HTTPS connection (1): api.assemblyai.com:443
2025-05-26 10:37:05,473 - DEBUG - https://api.assemblyai.com:443 "GET /v2/transcript/95c1ed0c-6786-4117-8a04-63289500bacd HTTP/1.1" 200 1657
2025-05-26 10:37:10,491 - DEBUG - Starting new HTTPS connection (1): api.assemblyai.com:443
2025-05-26 10:37:11,145 - DEBUG - https://api.assemblyai.com:443 "GET /v2/transcript/95c1ed0c-6786-4117-8a04-63289500bacd HTTP/1.1" 200 3378
2025-05-26 10:37:11,151 - INFO - Transcription complete.
2025-05-26 10:37:11,151 - INFO - Transcription ID: 95c1ed0c-6786-4117-8a04-63289500bacd
2025-05-26 10:37:11,155 - DEBUG - Starting new HTTPS connection (1): api.assemblyai.com:443
2025-05-26 10:37:11,720 - DEBUG - https://api.assemblyai.com:443 "GET /v2/transcript/95c1ed0c-6786-4117-8a04-63289500bacd/sentences HTTP/1.1" 200 1827
2025-05-26 10:37:12,724 - INFO - Emotion classification completed for 1 sentences.
2025-05-26 10:37:12,725 - INFO - Retrieved 1 sentences for transcript ID: 95c1ed0c-6786-4117-8a04-63289500bacd
2025-05-26 10:37:12,729 - INFO - Saved output to src/data/processed/final_output.csv
2025-05-26 10:37:12,730 - INFO - Final output saved to CSV
2025-05-26 11:24:40,261 - INFO - Starting transcription pipeline
2025-05-26 11:24:40,261 - INFO - Processing file: src/data/mp3/Inside Polands Communist City  NOWA HUTA.mp3
2025-05-26 11:24:40,307 - DEBUG - Starting new HTTPS connection (1): api.assemblyai.com:443
2025-05-26 11:24:51,972 - DEBUG - https://api.assemblyai.com:443 "POST /v2/upload HTTP/1.1" 200 88
2025-05-26 11:24:51,976 - INFO - Uploaded: src/data/mp3/Inside Polands Communist City  NOWA HUTA.mp3
2025-05-26 11:24:51,981 - DEBUG - Starting new HTTPS connection (1): api.assemblyai.com:443
2025-05-26 11:24:52,555 - DEBUG - https://api.assemblyai.com:443 "POST /v2/transcript HTTP/1.1" 200 1655
2025-05-26 11:24:52,560 - DEBUG - Starting new HTTPS connection (1): api.assemblyai.com:443
2025-05-26 11:24:53,091 - DEBUG - https://api.assemblyai.com:443 "GET /v2/transcript/aa3729a8-7942-4e35-a26f-3f917538b764 HTTP/1.1" 200 1657
2025-05-26 11:24:58,099 - DEBUG - Starting new HTTPS connection (1): api.assemblyai.com:443
2025-05-26 11:24:58,656 - DEBUG - https://api.assemblyai.com:443 "GET /v2/transcript/aa3729a8-7942-4e35-a26f-3f917538b764 HTTP/1.1" 200 1657
2025-05-26 11:25:03,673 - DEBUG - Starting new HTTPS connection (1): api.assemblyai.com:443
2025-05-26 11:25:04,200 - DEBUG - https://api.assemblyai.com:443 "GET /v2/transcript/aa3729a8-7942-4e35-a26f-3f917538b764 HTTP/1.1" 200 1657
2025-05-26 11:25:09,215 - DEBUG - Starting new HTTPS connection (1): api.assemblyai.com:443
2025-05-26 11:25:10,099 - DEBUG - https://api.assemblyai.com:443 "GET /v2/transcript/aa3729a8-7942-4e35-a26f-3f917538b764 HTTP/1.1" 200 520165
2025-05-26 11:25:10,888 - INFO - Transcription complete.
2025-05-26 11:25:10,889 - INFO - Transcription ID: aa3729a8-7942-4e35-a26f-3f917538b764
2025-05-26 11:25:10,891 - DEBUG - Starting new HTTPS connection (1): api.assemblyai.com:443
2025-05-26 11:25:11,952 - DEBUG - https://api.assemblyai.com:443 "GET /v2/transcript/aa3729a8-7942-4e35-a26f-3f917538b764/sentences HTTP/1.1" 200 560629
2025-05-26 11:25:41,478 - INFO - Emotion classification completed for 425 sentences.
2025-05-26 11:25:41,480 - INFO - Retrieved 425 sentences for transcript ID: aa3729a8-7942-4e35-a26f-3f917538b764
2025-05-26 11:25:41,486 - INFO - Saved output to src/data/processed/final_output.csv
2025-05-26 11:25:41,486 - INFO - Final output saved to CSV
2025-06-02 11:38:20,431 - INFO - Using device: cpu
2025-06-02 14:11:54,201 - INFO - Using device: cpu
2025-06-02 14:18:12,580 - INFO - Using device: cpu
2025-06-02 14:18:12,580 - INFO - Loading model from checkpoint: src/checkpoint-3906
2025-06-02 14:18:15,537 - DEBUG - Starting new HTTPS connection (1): huggingface.co:443
2025-06-02 14:18:16,299 - DEBUG - https://huggingface.co:443 "HEAD /roberta-base/resolve/main/tokenizer_config.json HTTP/1.1" 200 0
2025-06-02 14:18:16,510 - INFO - Using tokenizer from base model: roberta-base
2025-06-02 14:18:16,511 - INFO - Loading data from src/data/processed/final_output.csv
2025-06-02 14:18:16,514 - DEBUG - Starting new HTTPS connection (1): s3.amazonaws.com:443
2025-06-02 14:18:17,574 - DEBUG - https://s3.amazonaws.com:443 "HEAD /datasets.huggingface.co/datasets/datasets/csv/csv.py HTTP/1.1" 200 0
2025-06-02 14:18:17,665 - DEBUG - open file: C:/Users/mstan/.cache/huggingface/datasets/csv/default-52067ce6545628f6/0.0.0/6954658bab30a358235fa864b05cf819af0e179325c740e4bc853bcc7ec513e1.incomplete/csv-train-00000-00000-of-NNNNN.arrow
2025-06-02 14:18:17,733 - DEBUG - open file: C:/Users/mstan/.cache/huggingface/datasets/csv/default-52067ce6545628f6/0.0.0/6954658bab30a358235fa864b05cf819af0e179325c740e4bc853bcc7ec513e1.incomplete/dataset_info.json
2025-06-02 14:26:15,783 - INFO - Using device: cpu
2025-06-02 14:26:15,784 - INFO - Loading model from checkpoint: src/checkpoint-3906
2025-06-02 14:26:17,580 - DEBUG - Starting new HTTPS connection (1): huggingface.co:443
2025-06-02 14:26:18,154 - DEBUG - https://huggingface.co:443 "HEAD /roberta-base/resolve/main/tokenizer_config.json HTTP/1.1" 200 0
2025-06-02 14:26:18,252 - INFO - Using tokenizer from base model: roberta-base
2025-06-02 14:26:18,252 - INFO - Loading data from src/data/processed/final_output.csv
2025-06-02 14:26:18,255 - DEBUG - Starting new HTTPS connection (1): s3.amazonaws.com:443
2025-06-02 14:26:19,149 - DEBUG - https://s3.amazonaws.com:443 "HEAD /datasets.huggingface.co/datasets/datasets/csv/csv.py HTTP/1.1" 200 0
2025-06-02 14:26:19,160 - DEBUG - open file: C:/Users/mstan/.cache/huggingface/datasets/csv/default-52067ce6545628f6/0.0.0/6954658bab30a358235fa864b05cf819af0e179325c740e4bc853bcc7ec513e1/dataset_info.json
2025-06-02 14:26:19,213 - WARNING - Found cached dataset csv (C:/Users/mstan/.cache/huggingface/datasets/csv/default-52067ce6545628f6/0.0.0/6954658bab30a358235fa864b05cf819af0e179325c740e4bc853bcc7ec513e1)
2025-06-02 14:26:19,214 - DEBUG - open file: C:/Users/mstan/.cache/huggingface/datasets/csv/default-52067ce6545628f6/0.0.0/6954658bab30a358235fa864b05cf819af0e179325c740e4bc853bcc7ec513e1/dataset_info.json
2025-06-02 14:28:16,047 - INFO - Training complete. Model saved to model_outputs
2025-06-02 14:54:54,009 - INFO - Using device: cpu
2025-06-02 14:54:54,011 - INFO - Loading model from checkpoint: src/checkpoint-3906
2025-06-02 14:54:55,847 - DEBUG - Starting new HTTPS connection (1): huggingface.co:443
2025-06-02 14:54:56,561 - DEBUG - https://huggingface.co:443 "HEAD /roberta-base/resolve/main/tokenizer_config.json HTTP/1.1" 200 0
2025-06-02 14:54:56,684 - INFO - Using tokenizer from base model: roberta-base
2025-06-02 14:54:56,685 - INFO - Loading data from src/data/processed/final_output.csv
2025-06-02 14:54:56,691 - DEBUG - Starting new HTTPS connection (1): s3.amazonaws.com:443
2025-06-02 14:54:57,552 - DEBUG - https://s3.amazonaws.com:443 "HEAD /datasets.huggingface.co/datasets/datasets/csv/csv.py HTTP/1.1" 200 0
2025-06-02 14:54:57,564 - DEBUG - open file: C:/Users/mstan/.cache/huggingface/datasets/csv/default-52067ce6545628f6/0.0.0/6954658bab30a358235fa864b05cf819af0e179325c740e4bc853bcc7ec513e1/dataset_info.json
2025-06-02 14:54:57,609 - WARNING - Found cached dataset csv (C:/Users/mstan/.cache/huggingface/datasets/csv/default-52067ce6545628f6/0.0.0/6954658bab30a358235fa864b05cf819af0e179325c740e4bc853bcc7ec513e1)
2025-06-02 14:54:57,610 - DEBUG - open file: C:/Users/mstan/.cache/huggingface/datasets/csv/default-52067ce6545628f6/0.0.0/6954658bab30a358235fa864b05cf819af0e179325c740e4bc853bcc7ec513e1/dataset_info.json
2025-06-02 14:56:17,633 - INFO - Using device: cpu
2025-06-02 14:56:17,634 - INFO - Loading model from checkpoint: src/checkpoint-3906
2025-06-02 14:56:19,296 - DEBUG - Starting new HTTPS connection (1): huggingface.co:443
2025-06-02 14:56:19,923 - DEBUG - https://huggingface.co:443 "HEAD /roberta-base/resolve/main/tokenizer_config.json HTTP/1.1" 200 0
2025-06-02 14:56:20,023 - INFO - Using tokenizer from base model: roberta-base
2025-06-02 14:56:20,023 - INFO - Loading data from src/data/processed/final_output.csv
2025-06-02 14:56:20,027 - DEBUG - Starting new HTTPS connection (1): s3.amazonaws.com:443
2025-06-02 14:56:20,879 - DEBUG - https://s3.amazonaws.com:443 "HEAD /datasets.huggingface.co/datasets/datasets/csv/csv.py HTTP/1.1" 200 0
2025-06-02 14:56:20,889 - DEBUG - open file: C:/Users/mstan/.cache/huggingface/datasets/csv/default-52067ce6545628f6/0.0.0/6954658bab30a358235fa864b05cf819af0e179325c740e4bc853bcc7ec513e1/dataset_info.json
2025-06-02 14:56:20,934 - WARNING - Found cached dataset csv (C:/Users/mstan/.cache/huggingface/datasets/csv/default-52067ce6545628f6/0.0.0/6954658bab30a358235fa864b05cf819af0e179325c740e4bc853bcc7ec513e1)
2025-06-02 14:56:20,935 - DEBUG - open file: C:/Users/mstan/.cache/huggingface/datasets/csv/default-52067ce6545628f6/0.0.0/6954658bab30a358235fa864b05cf819af0e179325c740e4bc853bcc7ec513e1/dataset_info.json
2025-06-02 14:57:51,598 - INFO - Using device: cpu
2025-06-02 14:57:51,599 - INFO - Loading model from checkpoint: src/checkpoint-3906
2025-06-02 14:57:53,643 - DEBUG - Starting new HTTPS connection (1): huggingface.co:443
2025-06-02 14:57:54,280 - DEBUG - https://huggingface.co:443 "HEAD /roberta-base/resolve/main/tokenizer_config.json HTTP/1.1" 200 0
2025-06-02 14:57:54,377 - INFO - Using tokenizer from base model: roberta-base
2025-06-02 14:57:54,377 - INFO - Loading data from src/data/processed/final_output.csv
2025-06-02 14:57:54,381 - DEBUG - Starting new HTTPS connection (1): s3.amazonaws.com:443
2025-06-02 14:57:55,245 - DEBUG - https://s3.amazonaws.com:443 "HEAD /datasets.huggingface.co/datasets/datasets/csv/csv.py HTTP/1.1" 200 0
2025-06-02 14:57:55,253 - DEBUG - open file: C:/Users/mstan/.cache/huggingface/datasets/csv/default-52067ce6545628f6/0.0.0/6954658bab30a358235fa864b05cf819af0e179325c740e4bc853bcc7ec513e1/dataset_info.json
2025-06-02 14:57:55,299 - WARNING - Found cached dataset csv (C:/Users/mstan/.cache/huggingface/datasets/csv/default-52067ce6545628f6/0.0.0/6954658bab30a358235fa864b05cf819af0e179325c740e4bc853bcc7ec513e1)
2025-06-02 14:57:55,299 - DEBUG - open file: C:/Users/mstan/.cache/huggingface/datasets/csv/default-52067ce6545628f6/0.0.0/6954658bab30a358235fa864b05cf819af0e179325c740e4bc853bcc7ec513e1/dataset_info.json
2025-06-02 14:59:58,921 - INFO - Training complete. Model saved to model_outputs\20250602_1459_checkpoint-3906
