2025-06-26 23:01:57,663 - No environment configuration found.
2025-06-26 23:01:57,702 - ManagedIdentityCredential will use IMDS
2025-06-26 23:02:03,789 - Request URL: 'http://169.254.169.254/metadata/identity/oauth2/token?api-version=REDACTED&resource=REDACTED'
Request method: 'GET'
Request headers:
    'User-Agent': 'azsdk-python-identity/1.23.0 Python/3.10.16 (Windows-10-10.0.26100-SP0)'
No body was attached to the request
2025-06-26 23:02:13,951 - DefaultAzureCredential acquired a token from AzureCliCredential
2025-06-26 23:02:13,952 - Request URL: 'https://management.azure.com/subscriptions/0a94de80-6d3b-49f2-b3e9-ec5818862801/resourceGroups/buas-y2/providers/Microsoft.MachineLearningServices/workspaces/NLP7-2025/models/Emotion-classification/versions?api-version=REDACTED&listViewType=REDACTED'
Request method: 'GET'
Request headers:
    'Accept': 'application/json'
    'x-ms-client-request-id': 'cf963048-52d0-11f0-831b-7c214a408d59'
    'User-Agent': 'azure-ai-ml/1.27.1 azsdk-python-mgmt-machinelearningservices/0.1.0 Python/3.10.16 (Windows-10-10.0.26100-SP0)'
    'Authorization': 'REDACTED'
No body was attached to the request
2025-06-26 23:02:14,486 - Response status: 200
Response headers:
    'Cache-Control': 'no-cache'
    'Pragma': 'no-cache'
    'Content-Length': '3927'
    'Content-Type': 'application/json; charset=utf-8'
    'Expires': '-1'
    'Vary': 'REDACTED'
    'x-ms-ratelimit-remaining-subscription-reads': '249'
    'x-ms-operation-identifier': 'REDACTED'
    'Request-Context': 'REDACTED'
    'x-ms-response-type': 'REDACTED'
    'Strict-Transport-Security': 'REDACTED'
    'X-Content-Type-Options': 'REDACTED'
    'azureml-served-by-cluster': 'REDACTED'
    'x-request-time': 'REDACTED'
    'x-ms-ratelimit-remaining-subscription-global-reads': 'REDACTED'
    'x-ms-request-id': '2b8df528-cc49-4271-a449-bdd66998dd54'
    'x-ms-correlation-request-id': 'REDACTED'
    'x-ms-routing-request-id': 'REDACTED'
    'X-Cache': 'REDACTED'
    'X-MSEdge-Ref': 'Ref A: 2F43C4E663654DD49E1A9CF24EA0B28B Ref B: AMS231020512049 Ref C: 2025-06-26T21:02:18Z'
    'Date': 'Thu, 26 Jun 2025 21:02:18 GMT'
2025-06-26 23:02:16,539 - AzureCliCredential.get_token_info succeeded
2025-06-26 23:02:16,540 - DefaultAzureCredential acquired a token from AzureCliCredential
2025-06-26 23:02:16,540 - Request URL: 'https://management.azure.com/subscriptions/0a94de80-6d3b-49f2-b3e9-ec5818862801/resourceGroups/buas-y2/providers/Microsoft.MachineLearningServices/workspaces/NLP7-2025/environments/nlp7-emotion-env/versions/32?api-version=REDACTED'
Request method: 'GET'
Request headers:
    'Accept': 'application/json'
    'x-ms-client-request-id': 'd5f8c9cf-52d0-11f0-93bd-7c214a408d59'
    'User-Agent': 'azure-ai-ml/1.27.1 azsdk-python-mgmt-machinelearningservices/0.1.0 Python/3.10.16 (Windows-10-10.0.26100-SP0)'
    'Authorization': 'REDACTED'
No body was attached to the request
2025-06-26 23:02:17,070 - Response status: 200
Response headers:
    'Cache-Control': 'no-cache'
    'Pragma': 'no-cache'
    'Content-Length': '3925'
    'Content-Type': 'application/json; charset=utf-8'
    'Expires': '-1'
    'Vary': 'REDACTED'
    'x-ms-ratelimit-remaining-subscription-reads': '249'
    'x-ms-operation-identifier': 'REDACTED'
    'Request-Context': 'REDACTED'
    'x-ms-response-type': 'REDACTED'
    'Strict-Transport-Security': 'REDACTED'
    'X-Content-Type-Options': 'REDACTED'
    'azureml-served-by-cluster': 'REDACTED'
    'x-request-time': 'REDACTED'
    'x-ms-ratelimit-remaining-subscription-global-reads': 'REDACTED'
    'x-ms-request-id': '7249d527-2c6e-4ab5-8979-b220be620fa0'
    'x-ms-correlation-request-id': 'REDACTED'
    'x-ms-routing-request-id': 'REDACTED'
    'X-Cache': 'REDACTED'
    'X-MSEdge-Ref': 'Ref A: 382C792DA5B44D60AEE4A4091621A3C7 Ref B: AMS231032607037 Ref C: 2025-06-26T21:02:20Z'
    'Date': 'Thu, 26 Jun 2025 21:02:20 GMT'
2025-06-26 23:02:17,164 - No environment configuration found.
2025-06-26 23:02:17,165 - ManagedIdentityCredential will use IMDS
2025-06-26 23:02:17,181 - Request URL: 'http://169.254.169.254/metadata/identity/oauth2/token?api-version=REDACTED&resource=REDACTED'
Request method: 'GET'
Request headers:
    'User-Agent': 'azsdk-python-identity/1.23.0 Python/3.10.16 (Windows-10-10.0.26100-SP0)'
No body was attached to the request
2025-06-26 23:02:19,634 - DefaultAzureCredential acquired a token from AzureCliCredential
2025-06-26 23:02:19,636 - Request URL: 'https://management.azure.com/subscriptions/0a94de80-6d3b-49f2-b3e9-ec5818862801/resourceGroups/buas-y2/providers/Microsoft.MachineLearningServices/workspaces/NLP7-2025/onlineEndpoints/emotion-endpoint-v2?api-version=REDACTED'
Request method: 'GET'
Request headers:
    'Accept': 'application/json'
    'x-ms-client-request-id': 'd791cc8a-52d0-11f0-836f-7c214a408d59'
    'User-Agent': 'azure-ai-ml/1.27.1 azsdk-python-mgmt-machinelearningservices/0.1.0 Python/3.10.16 (Windows-10-10.0.26100-SP0)'
    'Authorization': 'REDACTED'
No body was attached to the request
2025-06-26 23:02:19,851 - Response status: 200
Response headers:
    'Cache-Control': 'no-cache'
    'Pragma': 'no-cache'
    'Content-Length': '1824'
    'Content-Type': 'application/json; charset=utf-8'
    'Expires': '-1'
    'Vary': 'REDACTED'
    'x-ms-ratelimit-remaining-subscription-global-reads': 'REDACTED'
    'x-ms-ratelimit-remaining-subscription-reads': '249'
    'Request-Context': 'REDACTED'
    'x-ms-response-type': 'REDACTED'
    'Strict-Transport-Security': 'REDACTED'
    'X-Content-Type-Options': 'REDACTED'
    'azureml-served-by-cluster': 'REDACTED'
    'x-request-time': 'REDACTED'
    'x-ms-request-id': '3a6acef6-b932-455f-8abd-7e7590062628'
    'x-ms-correlation-request-id': 'REDACTED'
    'x-ms-routing-request-id': 'REDACTED'
    'X-Cache': 'REDACTED'
    'X-MSEdge-Ref': 'Ref A: 6D4F417B16A24E8289A885EF3E504A5D Ref B: AMS231020614029 Ref C: 2025-06-26T21:02:23Z'
    'Date': 'Thu, 26 Jun 2025 21:02:23 GMT'
2025-06-26 23:02:19,853 - Request URL: 'https://management.azure.com/subscriptions/0a94de80-6d3b-49f2-b3e9-ec5818862801/resourceGroups/buas-y2/providers/Microsoft.MachineLearningServices/workspaces/NLP7-2025/onlineEndpoints/emotion-endpoint-v2/deployments?api-version=REDACTED'
Request method: 'GET'
Request headers:
    'Accept': 'application/json'
    'x-ms-client-request-id': 'd9297119-52d0-11f0-a335-7c214a408d59'
    'User-Agent': 'azure-ai-ml/1.27.1 azsdk-python-mgmt-machinelearningservices/0.1.0 Python/3.10.16 (Windows-10-10.0.26100-SP0)'
    'Authorization': 'REDACTED'
No body was attached to the request
2025-06-26 23:02:20,060 - Response status: 200
Response headers:
    'Cache-Control': 'no-cache'
    'Pragma': 'no-cache'
    'Content-Length': '2673'
    'Content-Type': 'application/json; charset=utf-8'
    'Expires': '-1'
    'Vary': 'REDACTED'
    'x-ms-original-request-ids': 'REDACTED'
    'Request-Context': 'REDACTED'
    'x-ms-response-type': 'REDACTED'
    'Strict-Transport-Security': 'REDACTED'
    'X-Content-Type-Options': 'REDACTED'
    'azureml-served-by-cluster': 'REDACTED'
    'x-request-time': 'REDACTED'
    'x-ms-ratelimit-remaining-subscription-reads': '249'
    'x-ms-ratelimit-remaining-subscription-global-reads': 'REDACTED'
    'x-ms-request-id': '4f62c6c2-2918-4237-9f90-aeb2efab5f01'
    'x-ms-correlation-request-id': 'REDACTED'
    'x-ms-routing-request-id': 'REDACTED'
    'X-Cache': 'REDACTED'
    'X-MSEdge-Ref': 'Ref A: 1D934B144F464B00AA07BC253AB69454 Ref B: AMS231020614029 Ref C: 2025-06-26T21:02:23Z'
    'Date': 'Thu, 26 Jun 2025 21:02:23 GMT'
2025-06-26 23:02:21,429 - AzureCliCredential.get_token_info succeeded
2025-06-26 23:02:21,430 - DefaultAzureCredential acquired a token from AzureCliCredential
2025-06-26 23:02:21,432 - Request URL: 'https://management.azure.com/subscriptions/0a94de80-6d3b-49f2-b3e9-ec5818862801/resourceGroups/buas-y2/providers/Microsoft.MachineLearningServices/workspaces/NLP7-2025/models/Emotion-classification-full/versions?api-version=REDACTED&listViewType=REDACTED'
Request method: 'GET'
Request headers:
    'Accept': 'application/json'
    'x-ms-client-request-id': 'd949cb3c-52d0-11f0-9d4d-7c214a408d59'
    'User-Agent': 'azure-ai-ml/1.27.1 azsdk-python-mgmt-machinelearningservices/0.1.0 Python/3.10.16 (Windows-10-10.0.26100-SP0)'
    'Authorization': 'REDACTED'
No body was attached to the request
2025-06-26 23:02:21,801 - Response status: 200
Response headers:
    'Cache-Control': 'no-cache'
    'Pragma': 'no-cache'
    'Content-Length': '17'
    'Content-Type': 'application/json; charset=utf-8'
    'Expires': '-1'
    'x-ms-operation-identifier': 'REDACTED'
    'Request-Context': 'REDACTED'
    'x-ms-response-type': 'REDACTED'
    'Strict-Transport-Security': 'REDACTED'
    'X-Content-Type-Options': 'REDACTED'
    'azureml-served-by-cluster': 'REDACTED'
    'x-request-time': 'REDACTED'
    'x-ms-ratelimit-remaining-subscription-reads': '249'
    'x-ms-ratelimit-remaining-subscription-global-reads': 'REDACTED'
    'x-ms-request-id': '466fb46e-2557-47c1-8177-c85c503e73d1'
    'x-ms-correlation-request-id': 'REDACTED'
    'x-ms-routing-request-id': 'REDACTED'
    'X-Cache': 'REDACTED'
    'X-MSEdge-Ref': 'Ref A: 6B934BDA72D9406B9DAC2B3538A9FFA9 Ref B: AMS231020512047 Ref C: 2025-06-26T21:02:25Z'
    'Date': 'Thu, 26 Jun 2025 21:02:24 GMT'
2025-06-26 23:02:21,803 - Request URL: 'https://management.azure.com/subscriptions/0a94de80-6d3b-49f2-b3e9-ec5818862801/resourceGroups/buas-y2/providers/Microsoft.MachineLearningServices/workspaces/NLP7-2025/models/Emotion-classification/versions?api-version=REDACTED&listViewType=REDACTED'
Request method: 'GET'
Request headers:
    'Accept': 'application/json'
    'x-ms-client-request-id': 'da530eb2-52d0-11f0-b2c0-7c214a408d59'
    'User-Agent': 'azure-ai-ml/1.27.1 azsdk-python-mgmt-machinelearningservices/0.1.0 Python/3.10.16 (Windows-10-10.0.26100-SP0)'
    'Authorization': 'REDACTED'
No body was attached to the request
2025-06-26 23:02:22,090 - Response status: 200
Response headers:
    'Cache-Control': 'no-cache'
    'Pragma': 'no-cache'
    'Content-Length': '3927'
    'Content-Type': 'application/json; charset=utf-8'
    'Expires': '-1'
    'Vary': 'REDACTED'
    'x-ms-ratelimit-remaining-subscription-reads': '249'
    'x-ms-operation-identifier': 'REDACTED'
    'Request-Context': 'REDACTED'
    'x-ms-response-type': 'REDACTED'
    'Strict-Transport-Security': 'REDACTED'
    'X-Content-Type-Options': 'REDACTED'
    'azureml-served-by-cluster': 'REDACTED'
    'x-request-time': 'REDACTED'
    'x-ms-ratelimit-remaining-subscription-global-reads': 'REDACTED'
    'x-ms-request-id': '40467248-9175-4b70-9e9a-888b0828c68b'
    'x-ms-correlation-request-id': 'REDACTED'
    'x-ms-routing-request-id': 'REDACTED'
    'X-Cache': 'REDACTED'
    'X-MSEdge-Ref': 'Ref A: AE99D47434DE407BB5F9F6FE84CA45BA Ref B: AMS231020512047 Ref C: 2025-06-26T21:02:25Z'
    'Date': 'Thu, 26 Jun 2025 21:02:25 GMT'
2025-06-26 23:02:23,503 - AzureCliCredential.get_token_info succeeded
2025-06-26 23:02:23,504 - DefaultAzureCredential acquired a token from AzureCliCredential
2025-06-26 23:02:23,505 - Request URL: 'https://management.azure.com/subscriptions/0a94de80-6d3b-49f2-b3e9-ec5818862801/resourceGroups/buas-y2/providers/Microsoft.MachineLearningServices/workspaces/NLP7-2025/environments/nlp7-inference-env/versions?api-version=REDACTED&listViewType=REDACTED'
Request method: 'GET'
Request headers:
    'Accept': 'application/json'
    'x-ms-client-request-id': 'da7f63dc-52d0-11f0-bf1a-7c214a408d59'
    'User-Agent': 'azure-ai-ml/1.27.1 azsdk-python-mgmt-machinelearningservices/0.1.0 Python/3.10.16 (Windows-10-10.0.26100-SP0)'
    'Authorization': 'REDACTED'
No body was attached to the request
2025-06-26 23:02:23,820 - Response status: 404
Response headers:
    'Cache-Control': 'no-cache'
    'Pragma': 'no-cache'
    'Content-Length': '824'
    'Content-Type': 'application/json; charset=utf-8'
    'Expires': '-1'
    'Vary': 'REDACTED'
    'x-ms-ratelimit-remaining-subscription-reads': '249'
    'x-ms-operation-identifier': 'REDACTED'
    'Request-Context': 'REDACTED'
    'x-ms-response-type': 'REDACTED'
    'Strict-Transport-Security': 'REDACTED'
    'X-Content-Type-Options': 'REDACTED'
    'azureml-served-by-cluster': 'REDACTED'
    'x-request-time': 'REDACTED'
    'x-ms-ratelimit-remaining-subscription-global-reads': 'REDACTED'
    'x-ms-request-id': 'be83efc4-6a15-40da-be01-ef77fba3a388'
    'x-ms-correlation-request-id': 'REDACTED'
    'x-ms-routing-request-id': 'REDACTED'
    'X-Cache': 'REDACTED'
    'X-MSEdge-Ref': 'Ref A: AD1AC1FB125E441FBA64E0B551117DAD Ref B: AMS231020614009 Ref C: 2025-06-26T21:02:27Z'
    'Date': 'Thu, 26 Jun 2025 21:02:27 GMT'
2025-06-26 23:46:30,076 - No environment configuration found.
2025-06-26 23:46:30,081 - ManagedIdentityCredential will use IMDS
2025-06-26 23:46:31,266 - Request URL: 'http://169.254.169.254/metadata/identity/oauth2/token?api-version=REDACTED&resource=REDACTED'
Request method: 'GET'
Request headers:
    'User-Agent': 'azsdk-python-identity/1.23.0 Python/3.10.16 (Windows-10-10.0.26100-SP0)'
No body was attached to the request
2025-06-26 23:46:34,149 - DefaultAzureCredential acquired a token from AzureCliCredential
2025-06-26 23:46:34,150 - Request URL: 'https://management.azure.com/subscriptions/0a94de80-6d3b-49f2-b3e9-ec5818862801/resourceGroups/buas-y2/providers/Microsoft.MachineLearningServices/workspaces/NLP7-2025/models/Emotion-classification/versions?api-version=REDACTED&listViewType=REDACTED'
Request method: 'GET'
Request headers:
    'Accept': 'application/json'
    'x-ms-client-request-id': '0586a13b-52d7-11f0-ab47-7c214a408d59'
    'User-Agent': 'azure-ai-ml/1.27.1 azsdk-python-mgmt-machinelearningservices/0.1.0 Python/3.10.16 (Windows-10-10.0.26100-SP0)'
    'Authorization': 'REDACTED'
No body was attached to the request
2025-06-26 23:46:34,515 - Response status: 200
Response headers:
    'Cache-Control': 'no-cache'
    'Pragma': 'no-cache'
    'Content-Length': '3927'
    'Content-Type': 'application/json; charset=utf-8'
    'Expires': '-1'
    'Vary': 'REDACTED'
    'x-ms-ratelimit-remaining-subscription-reads': '249'
    'x-ms-operation-identifier': 'REDACTED'
    'Request-Context': 'REDACTED'
    'x-ms-response-type': 'REDACTED'
    'Strict-Transport-Security': 'REDACTED'
    'X-Content-Type-Options': 'REDACTED'
    'azureml-served-by-cluster': 'REDACTED'
    'x-request-time': 'REDACTED'
    'x-ms-ratelimit-remaining-subscription-global-reads': 'REDACTED'
    'x-ms-request-id': 'df6c37d0-210b-4536-a2cf-81d4578bc63b'
    'x-ms-correlation-request-id': 'REDACTED'
    'x-ms-routing-request-id': 'REDACTED'
    'X-Cache': 'REDACTED'
    'X-MSEdge-Ref': 'Ref A: 6AC20F8FA00C407580F708F7B6B6F2D5 Ref B: AMS231020512049 Ref C: 2025-06-26T21:46:38Z'
    'Date': 'Thu, 26 Jun 2025 21:46:38 GMT'
2025-06-26 23:46:36,172 - AzureCliCredential.get_token_info succeeded
2025-06-26 23:46:36,173 - DefaultAzureCredential acquired a token from AzureCliCredential
2025-06-26 23:46:36,174 - Request URL: 'https://management.azure.com/subscriptions/0a94de80-6d3b-49f2-b3e9-ec5818862801/resourceGroups/buas-y2/providers/Microsoft.MachineLearningServices/workspaces/NLP7-2025/environments/nlp7-emotion-env/versions/32?api-version=REDACTED'
Request method: 'GET'
Request headers:
    'Accept': 'application/json'
    'x-ms-client-request-id': '07785418-52d7-11f0-a8a3-7c214a408d59'
    'User-Agent': 'azure-ai-ml/1.27.1 azsdk-python-mgmt-machinelearningservices/0.1.0 Python/3.10.16 (Windows-10-10.0.26100-SP0)'
    'Authorization': 'REDACTED'
No body was attached to the request
2025-06-26 23:46:36,911 - Response status: 200
Response headers:
    'Cache-Control': 'no-cache'
    'Pragma': 'no-cache'
    'Content-Length': '3925'
    'Content-Type': 'application/json; charset=utf-8'
    'Expires': '-1'
    'Vary': 'REDACTED'
    'x-ms-ratelimit-remaining-subscription-reads': '249'
    'x-ms-operation-identifier': 'REDACTED'
    'Request-Context': 'REDACTED'
    'x-ms-response-type': 'REDACTED'
    'Strict-Transport-Security': 'REDACTED'
    'X-Content-Type-Options': 'REDACTED'
    'azureml-served-by-cluster': 'REDACTED'
    'x-request-time': 'REDACTED'
    'x-ms-ratelimit-remaining-subscription-global-reads': 'REDACTED'
    'x-ms-request-id': '417471b4-d038-49c5-b0c9-c3a642e089ef'
    'x-ms-correlation-request-id': 'REDACTED'
    'x-ms-routing-request-id': 'REDACTED'
    'X-Cache': 'REDACTED'
    'X-MSEdge-Ref': 'Ref A: DB543D3F32EC43F2BB6CBDD9CFC7C1F0 Ref B: AMS231020615047 Ref C: 2025-06-26T21:46:40Z'
    'Date': 'Thu, 26 Jun 2025 21:46:40 GMT'
2025-06-26 23:46:36,936 - No environment configuration found.
2025-06-26 23:46:36,936 - ManagedIdentityCredential will use IMDS
2025-06-26 23:46:36,950 - Request URL: 'http://169.254.169.254/metadata/identity/oauth2/token?api-version=REDACTED&resource=REDACTED'
Request method: 'GET'
Request headers:
    'User-Agent': 'azsdk-python-identity/1.23.0 Python/3.10.16 (Windows-10-10.0.26100-SP0)'
No body was attached to the request
2025-06-26 23:46:39,310 - DefaultAzureCredential acquired a token from AzureCliCredential
2025-06-26 23:46:39,311 - Request URL: 'https://management.azure.com/subscriptions/0a94de80-6d3b-49f2-b3e9-ec5818862801/resourceGroups/buas-y2/providers/Microsoft.MachineLearningServices/workspaces/NLP7-2025/onlineEndpoints/emotion-endpoint-v2?api-version=REDACTED'
Request method: 'GET'
Request headers:
    'Accept': 'application/json'
    'x-ms-client-request-id': '08ea2657-52d7-11f0-8455-7c214a408d59'
    'User-Agent': 'azure-ai-ml/1.27.1 azsdk-python-mgmt-machinelearningservices/0.1.0 Python/3.10.16 (Windows-10-10.0.26100-SP0)'
    'Authorization': 'REDACTED'
No body was attached to the request
2025-06-26 23:46:39,538 - Response status: 200
Response headers:
    'Cache-Control': 'no-cache'
    'Pragma': 'no-cache'
    'Content-Length': '1824'
    'Content-Type': 'application/json; charset=utf-8'
    'Expires': '-1'
    'Vary': 'REDACTED'
    'x-ms-ratelimit-remaining-subscription-global-reads': 'REDACTED'
    'x-ms-ratelimit-remaining-subscription-reads': '249'
    'Request-Context': 'REDACTED'
    'x-ms-response-type': 'REDACTED'
    'Strict-Transport-Security': 'REDACTED'
    'X-Content-Type-Options': 'REDACTED'
    'azureml-served-by-cluster': 'REDACTED'
    'x-request-time': 'REDACTED'
    'x-ms-request-id': 'e271bb0a-8707-41cf-ab22-07999adb7726'
    'x-ms-correlation-request-id': 'REDACTED'
    'x-ms-routing-request-id': 'REDACTED'
    'X-Cache': 'REDACTED'
    'X-MSEdge-Ref': 'Ref A: 525BEAF815684BEB805E669CCBAB4A82 Ref B: AMS231032607009 Ref C: 2025-06-26T21:46:43Z'
    'Date': 'Thu, 26 Jun 2025 21:46:43 GMT'
2025-06-26 23:46:39,540 - Request URL: 'https://management.azure.com/subscriptions/0a94de80-6d3b-49f2-b3e9-ec5818862801/resourceGroups/buas-y2/providers/Microsoft.MachineLearningServices/workspaces/NLP7-2025/onlineEndpoints/emotion-endpoint-v2/deployments?api-version=REDACTED'
Request method: 'GET'
Request headers:
    'Accept': 'application/json'
    'x-ms-client-request-id': '0a758bf7-52d7-11f0-91b5-7c214a408d59'
    'User-Agent': 'azure-ai-ml/1.27.1 azsdk-python-mgmt-machinelearningservices/0.1.0 Python/3.10.16 (Windows-10-10.0.26100-SP0)'
    'Authorization': 'REDACTED'
No body was attached to the request
2025-06-26 23:46:39,860 - Response status: 200
Response headers:
    'Cache-Control': 'no-cache'
    'Pragma': 'no-cache'
    'Content-Length': '2673'
    'Content-Type': 'application/json; charset=utf-8'
    'Expires': '-1'
    'Vary': 'REDACTED'
    'x-ms-original-request-ids': 'REDACTED'
    'Request-Context': 'REDACTED'
    'x-ms-response-type': 'REDACTED'
    'Strict-Transport-Security': 'REDACTED'
    'X-Content-Type-Options': 'REDACTED'
    'azureml-served-by-cluster': 'REDACTED'
    'x-request-time': 'REDACTED'
    'x-ms-ratelimit-remaining-subscription-reads': '249'
    'x-ms-ratelimit-remaining-subscription-global-reads': 'REDACTED'
    'x-ms-request-id': '7ea5fd4c-652e-460d-9d81-657d1f57aac5'
    'x-ms-correlation-request-id': 'REDACTED'
    'x-ms-routing-request-id': 'REDACTED'
    'X-Cache': 'REDACTED'
    'X-MSEdge-Ref': 'Ref A: CCD4DF620C8443C7A845300E45160240 Ref B: AMS231032607009 Ref C: 2025-06-26T21:46:43Z'
    'Date': 'Thu, 26 Jun 2025 21:46:43 GMT'
2025-06-26 23:46:41,229 - AzureCliCredential.get_token_info succeeded
2025-06-26 23:46:41,229 - DefaultAzureCredential acquired a token from AzureCliCredential
2025-06-26 23:46:41,230 - Request URL: 'https://management.azure.com/subscriptions/0a94de80-6d3b-49f2-b3e9-ec5818862801/resourceGroups/buas-y2/providers/Microsoft.MachineLearningServices/workspaces/NLP7-2025/models/Emotion-classification-full/versions?api-version=REDACTED&listViewType=REDACTED'
Request method: 'GET'
Request headers:
    'Accept': 'application/json'
    'x-ms-client-request-id': '0aa6d8b1-52d7-11f0-b388-7c214a408d59'
    'User-Agent': 'azure-ai-ml/1.27.1 azsdk-python-mgmt-machinelearningservices/0.1.0 Python/3.10.16 (Windows-10-10.0.26100-SP0)'
    'Authorization': 'REDACTED'
No body was attached to the request
2025-06-26 23:46:41,571 - Response status: 200
Response headers:
    'Cache-Control': 'no-cache'
    'Pragma': 'no-cache'
    'Content-Length': '17'
    'Content-Type': 'application/json; charset=utf-8'
    'Expires': '-1'
    'x-ms-operation-identifier': 'REDACTED'
    'Request-Context': 'REDACTED'
    'x-ms-response-type': 'REDACTED'
    'Strict-Transport-Security': 'REDACTED'
    'X-Content-Type-Options': 'REDACTED'
    'azureml-served-by-cluster': 'REDACTED'
    'x-request-time': 'REDACTED'
    'x-ms-ratelimit-remaining-subscription-reads': '249'
    'x-ms-ratelimit-remaining-subscription-global-reads': 'REDACTED'
    'x-ms-request-id': '5f83fb65-80fc-4046-8c23-d4b031b317b7'
    'x-ms-correlation-request-id': 'REDACTED'
    'x-ms-routing-request-id': 'REDACTED'
    'X-Cache': 'REDACTED'
    'X-MSEdge-Ref': 'Ref A: 6A55B9DD9C5D46C1B48DC302678621C2 Ref B: AMS231032607029 Ref C: 2025-06-26T21:46:45Z'
    'Date': 'Thu, 26 Jun 2025 21:46:45 GMT'
2025-06-26 23:46:41,572 - Request URL: 'https://management.azure.com/subscriptions/0a94de80-6d3b-49f2-b3e9-ec5818862801/resourceGroups/buas-y2/providers/Microsoft.MachineLearningServices/workspaces/NLP7-2025/models/Emotion-classification/versions?api-version=REDACTED&listViewType=REDACTED'
Request method: 'GET'
Request headers:
    'Accept': 'application/json'
    'x-ms-client-request-id': '0bab9ef0-52d7-11f0-9ee7-7c214a408d59'
    'User-Agent': 'azure-ai-ml/1.27.1 azsdk-python-mgmt-machinelearningservices/0.1.0 Python/3.10.16 (Windows-10-10.0.26100-SP0)'
    'Authorization': 'REDACTED'
No body was attached to the request
2025-06-26 23:46:41,893 - Response status: 200
Response headers:
    'Cache-Control': 'no-cache'
    'Pragma': 'no-cache'
    'Content-Length': '3927'
    'Content-Type': 'application/json; charset=utf-8'
    'Expires': '-1'
    'Vary': 'REDACTED'
    'x-ms-ratelimit-remaining-subscription-reads': '249'
    'x-ms-operation-identifier': 'REDACTED'
    'Request-Context': 'REDACTED'
    'x-ms-response-type': 'REDACTED'
    'Strict-Transport-Security': 'REDACTED'
    'X-Content-Type-Options': 'REDACTED'
    'azureml-served-by-cluster': 'REDACTED'
    'x-request-time': 'REDACTED'
    'x-ms-ratelimit-remaining-subscription-global-reads': 'REDACTED'
    'x-ms-request-id': 'd0039adc-118f-4def-8220-c5c69b9a6ae9'
    'x-ms-correlation-request-id': 'REDACTED'
    'x-ms-routing-request-id': 'REDACTED'
    'X-Cache': 'REDACTED'
    'X-MSEdge-Ref': 'Ref A: EF0554D20EE14861A8FE40C9979B7EED Ref B: AMS231032607029 Ref C: 2025-06-26T21:46:45Z'
    'Date': 'Thu, 26 Jun 2025 21:46:45 GMT'
2025-06-26 23:46:43,358 - AzureCliCredential.get_token_info succeeded
2025-06-26 23:46:43,359 - DefaultAzureCredential acquired a token from AzureCliCredential
2025-06-26 23:46:43,360 - Request URL: 'https://management.azure.com/subscriptions/0a94de80-6d3b-49f2-b3e9-ec5818862801/resourceGroups/buas-y2/providers/Microsoft.MachineLearningServices/workspaces/NLP7-2025/environments/nlp7-inference-env/versions?api-version=REDACTED&listViewType=REDACTED'
Request method: 'GET'
Request headers:
    'Accept': 'application/json'
    'x-ms-client-request-id': '0bdce1d1-52d7-11f0-a598-7c214a408d59'
    'User-Agent': 'azure-ai-ml/1.27.1 azsdk-python-mgmt-machinelearningservices/0.1.0 Python/3.10.16 (Windows-10-10.0.26100-SP0)'
    'Authorization': 'REDACTED'
No body was attached to the request
2025-06-26 23:46:43,949 - Response status: 404
Response headers:
    'Cache-Control': 'no-cache'
    'Pragma': 'no-cache'
    'Content-Length': '824'
    'Content-Type': 'application/json; charset=utf-8'
    'Expires': '-1'
    'Vary': 'REDACTED'
    'x-ms-ratelimit-remaining-subscription-reads': '249'
    'x-ms-operation-identifier': 'REDACTED'
    'Request-Context': 'REDACTED'
    'x-ms-response-type': 'REDACTED'
    'Strict-Transport-Security': 'REDACTED'
    'X-Content-Type-Options': 'REDACTED'
    'azureml-served-by-cluster': 'REDACTED'
    'x-request-time': 'REDACTED'
    'x-ms-ratelimit-remaining-subscription-global-reads': 'REDACTED'
    'x-ms-request-id': '071fe2a6-2dbd-4d73-a388-2a8e4b9dd4ae'
    'x-ms-correlation-request-id': 'REDACTED'
    'x-ms-routing-request-id': 'REDACTED'
    'X-Cache': 'REDACTED'
    'X-MSEdge-Ref': 'Ref A: 19814A52260E43839A3D8B2C0B52A6B6 Ref B: AMS231032609011 Ref C: 2025-06-26T21:46:47Z'
    'Date': 'Thu, 26 Jun 2025 21:46:47 GMT'
2025-06-27 01:20:40,630 - No environment configuration found.
2025-06-27 01:20:40,646 - ManagedIdentityCredential will use IMDS
2025-06-27 01:20:42,419 - Request URL: 'http://169.254.169.254/metadata/identity/oauth2/token?api-version=REDACTED&resource=REDACTED'
Request method: 'GET'
Request headers:
    'User-Agent': 'azsdk-python-identity/1.23.0 Python/3.10.16 (Windows-10-10.0.26100-SP0)'
No body was attached to the request
2025-06-27 01:20:45,352 - DefaultAzureCredential acquired a token from AzureCliCredential
2025-06-27 01:20:45,356 - Request URL: 'https://management.azure.com/subscriptions/0a94de80-6d3b-49f2-b3e9-ec5818862801/resourceGroups/buas-y2/providers/Microsoft.MachineLearningServices/workspaces/NLP7-2025/models/Emotion-classification/versions?api-version=REDACTED&listViewType=REDACTED'
Request method: 'GET'
Request headers:
    'Accept': 'application/json'
    'x-ms-client-request-id': '2ddf4d14-52e4-11f0-a5b1-7c214a408d59'
    'User-Agent': 'azure-ai-ml/1.27.1 azsdk-python-mgmt-machinelearningservices/0.1.0 Python/3.10.16 (Windows-10-10.0.26100-SP0)'
    'Authorization': 'REDACTED'
No body was attached to the request
2025-06-27 01:20:45,937 - Response status: 200
Response headers:
    'Cache-Control': 'no-cache'
    'Pragma': 'no-cache'
    'Content-Length': '3927'
    'Content-Type': 'application/json; charset=utf-8'
    'Expires': '-1'
    'Vary': 'REDACTED'
    'x-ms-ratelimit-remaining-subscription-reads': '249'
    'x-ms-operation-identifier': 'REDACTED'
    'Request-Context': 'REDACTED'
    'x-ms-response-type': 'REDACTED'
    'Strict-Transport-Security': 'REDACTED'
    'X-Content-Type-Options': 'REDACTED'
    'azureml-served-by-cluster': 'REDACTED'
    'x-request-time': 'REDACTED'
    'x-ms-ratelimit-remaining-subscription-global-reads': 'REDACTED'
    'x-ms-request-id': 'bb0c2a6d-6736-434f-8336-d74b1c35b5dc'
    'x-ms-correlation-request-id': 'REDACTED'
    'x-ms-routing-request-id': 'REDACTED'
    'X-Cache': 'REDACTED'
    'X-MSEdge-Ref': 'Ref A: 96C9F195B2B44100BEA23B2C5BCF8A02 Ref B: AMS231022012035 Ref C: 2025-06-26T23:20:49Z'
    'Date': 'Thu, 26 Jun 2025 23:20:49 GMT'
2025-06-27 01:20:47,664 - AzureCliCredential.get_token_info succeeded
2025-06-27 01:20:47,666 - DefaultAzureCredential acquired a token from AzureCliCredential
2025-06-27 01:20:47,668 - Request URL: 'https://management.azure.com/subscriptions/0a94de80-6d3b-49f2-b3e9-ec5818862801/resourceGroups/buas-y2/providers/Microsoft.MachineLearningServices/workspaces/NLP7-2025/environments/nlp7-emotion-env/versions/32?api-version=REDACTED'
Request method: 'GET'
Request headers:
    'Accept': 'application/json'
    'x-ms-client-request-id': '2ffb7d1d-52e4-11f0-9b69-7c214a408d59'
    'User-Agent': 'azure-ai-ml/1.27.1 azsdk-python-mgmt-machinelearningservices/0.1.0 Python/3.10.16 (Windows-10-10.0.26100-SP0)'
    'Authorization': 'REDACTED'
No body was attached to the request
2025-06-27 01:20:48,371 - Response status: 200
Response headers:
    'Cache-Control': 'no-cache'
    'Pragma': 'no-cache'
    'Content-Length': '3925'
    'Content-Type': 'application/json; charset=utf-8'
    'Expires': '-1'
    'Vary': 'REDACTED'
    'x-ms-ratelimit-remaining-subscription-reads': '249'
    'x-ms-operation-identifier': 'REDACTED'
    'Request-Context': 'REDACTED'
    'x-ms-response-type': 'REDACTED'
    'Strict-Transport-Security': 'REDACTED'
    'X-Content-Type-Options': 'REDACTED'
    'azureml-served-by-cluster': 'REDACTED'
    'x-request-time': 'REDACTED'
    'x-ms-ratelimit-remaining-subscription-global-reads': 'REDACTED'
    'x-ms-request-id': 'dd179482-3103-4f51-8a1c-245d28caa861'
    'x-ms-correlation-request-id': 'REDACTED'
    'x-ms-routing-request-id': 'REDACTED'
    'X-Cache': 'REDACTED'
    'X-MSEdge-Ref': 'Ref A: 89BD00154876402C89862750716BE464 Ref B: AMS231020615025 Ref C: 2025-06-26T23:20:51Z'
    'Date': 'Thu, 26 Jun 2025 23:20:51 GMT'
2025-06-27 01:20:48,393 - No environment configuration found.
2025-06-27 01:20:48,395 - ManagedIdentityCredential will use IMDS
2025-06-27 01:20:48,418 - Request URL: 'http://169.254.169.254/metadata/identity/oauth2/token?api-version=REDACTED&resource=REDACTED'
Request method: 'GET'
Request headers:
    'User-Agent': 'azsdk-python-identity/1.23.0 Python/3.10.16 (Windows-10-10.0.26100-SP0)'
No body was attached to the request
2025-06-27 01:20:51,022 - DefaultAzureCredential acquired a token from AzureCliCredential
2025-06-27 01:20:51,024 - Request URL: 'https://management.azure.com/subscriptions/0a94de80-6d3b-49f2-b3e9-ec5818862801/resourceGroups/buas-y2/providers/Microsoft.MachineLearningServices/workspaces/NLP7-2025/onlineEndpoints/emotion-endpoint-v2?api-version=REDACTED'
Request method: 'GET'
Request headers:
    'Accept': 'application/json'
    'x-ms-client-request-id': '31732852-52e4-11f0-b943-7c214a408d59'
    'User-Agent': 'azure-ai-ml/1.27.1 azsdk-python-mgmt-machinelearningservices/0.1.0 Python/3.10.16 (Windows-10-10.0.26100-SP0)'
    'Authorization': 'REDACTED'
No body was attached to the request
2025-06-27 01:20:51,348 - Response status: 200
Response headers:
    'Cache-Control': 'no-cache'
    'Pragma': 'no-cache'
    'Content-Length': '1824'
    'Content-Type': 'application/json; charset=utf-8'
    'Expires': '-1'
    'Vary': 'REDACTED'
    'x-ms-ratelimit-remaining-subscription-global-reads': 'REDACTED'
    'x-ms-ratelimit-remaining-subscription-reads': '249'
    'Request-Context': 'REDACTED'
    'x-ms-response-type': 'REDACTED'
    'Strict-Transport-Security': 'REDACTED'
    'X-Content-Type-Options': 'REDACTED'
    'azureml-served-by-cluster': 'REDACTED'
    'x-request-time': 'REDACTED'
    'x-ms-request-id': '20fd6080-e544-4f23-90f8-5c8440f15b30'
    'x-ms-correlation-request-id': 'REDACTED'
    'x-ms-routing-request-id': 'REDACTED'
    'X-Cache': 'REDACTED'
    'X-MSEdge-Ref': 'Ref A: 3B46637CF3CF45C8B9E857FCF2113291 Ref B: AMS231032609025 Ref C: 2025-06-26T23:20:55Z'
    'Date': 'Thu, 26 Jun 2025 23:20:55 GMT'
2025-06-27 01:20:51,350 - Request URL: 'https://management.azure.com/subscriptions/0a94de80-6d3b-49f2-b3e9-ec5818862801/resourceGroups/buas-y2/providers/Microsoft.MachineLearningServices/workspaces/NLP7-2025/onlineEndpoints/emotion-endpoint-v2/deployments?api-version=REDACTED'
Request method: 'GET'
Request headers:
    'Accept': 'application/json'
    'x-ms-client-request-id': '333342cc-52e4-11f0-add6-7c214a408d59'
    'User-Agent': 'azure-ai-ml/1.27.1 azsdk-python-mgmt-machinelearningservices/0.1.0 Python/3.10.16 (Windows-10-10.0.26100-SP0)'
    'Authorization': 'REDACTED'
No body was attached to the request
2025-06-27 01:20:51,675 - Response status: 200
Response headers:
    'Cache-Control': 'no-cache'
    'Pragma': 'no-cache'
    'Content-Length': '2673'
    'Content-Type': 'application/json; charset=utf-8'
    'Expires': '-1'
    'Vary': 'REDACTED'
    'x-ms-original-request-ids': 'REDACTED'
    'Request-Context': 'REDACTED'
    'x-ms-response-type': 'REDACTED'
    'Strict-Transport-Security': 'REDACTED'
    'X-Content-Type-Options': 'REDACTED'
    'azureml-served-by-cluster': 'REDACTED'
    'x-request-time': 'REDACTED'
    'x-ms-ratelimit-remaining-subscription-reads': '249'
    'x-ms-ratelimit-remaining-subscription-global-reads': 'REDACTED'
    'x-ms-request-id': '333b4ac9-3dfc-4354-99e2-f5c29f26074e'
    'x-ms-correlation-request-id': 'REDACTED'
    'x-ms-routing-request-id': 'REDACTED'
    'X-Cache': 'REDACTED'
    'X-MSEdge-Ref': 'Ref A: 01CDCE548D254C1684AD991BE49B7FEA Ref B: AMS231032609025 Ref C: 2025-06-26T23:20:55Z'
    'Date': 'Thu, 26 Jun 2025 23:20:55 GMT'
2025-06-27 01:20:53,335 - AzureCliCredential.get_token_info succeeded
2025-06-27 01:20:53,337 - DefaultAzureCredential acquired a token from AzureCliCredential
2025-06-27 01:20:53,337 - Request URL: 'https://management.azure.com/subscriptions/0a94de80-6d3b-49f2-b3e9-ec5818862801/resourceGroups/buas-y2/providers/Microsoft.MachineLearningServices/workspaces/NLP7-2025/models/Emotion-classification-full/versions?api-version=REDACTED&listViewType=REDACTED'
Request method: 'GET'
Request headers:
    'Accept': 'application/json'
    'x-ms-client-request-id': '3365bb07-52e4-11f0-8b21-7c214a408d59'
    'User-Agent': 'azure-ai-ml/1.27.1 azsdk-python-mgmt-machinelearningservices/0.1.0 Python/3.10.16 (Windows-10-10.0.26100-SP0)'
    'Authorization': 'REDACTED'
No body was attached to the request
2025-06-27 01:20:53,721 - Response status: 200
Response headers:
    'Cache-Control': 'no-cache'
    'Pragma': 'no-cache'
    'Content-Length': '17'
    'Content-Type': 'application/json; charset=utf-8'
    'Expires': '-1'
    'x-ms-operation-identifier': 'REDACTED'
    'Request-Context': 'REDACTED'
    'x-ms-response-type': 'REDACTED'
    'Strict-Transport-Security': 'REDACTED'
    'X-Content-Type-Options': 'REDACTED'
    'azureml-served-by-cluster': 'REDACTED'
    'x-request-time': 'REDACTED'
    'x-ms-ratelimit-remaining-subscription-reads': '249'
    'x-ms-ratelimit-remaining-subscription-global-reads': 'REDACTED'
    'x-ms-request-id': '32474f60-26d5-4df9-aa73-d3c2bb1e564e'
    'x-ms-correlation-request-id': 'REDACTED'
    'x-ms-routing-request-id': 'REDACTED'
    'X-Cache': 'REDACTED'
    'X-MSEdge-Ref': 'Ref A: C24B3CF926094242A3C2610904C6341E Ref B: AMS231022012033 Ref C: 2025-06-26T23:20:57Z'
    'Date': 'Thu, 26 Jun 2025 23:20:56 GMT'
2025-06-27 01:20:53,723 - Request URL: 'https://management.azure.com/subscriptions/0a94de80-6d3b-49f2-b3e9-ec5818862801/resourceGroups/buas-y2/providers/Microsoft.MachineLearningServices/workspaces/NLP7-2025/models/Emotion-classification/versions?api-version=REDACTED&listViewType=REDACTED'
Request method: 'GET'
Request headers:
    'Accept': 'application/json'
    'x-ms-client-request-id': '349d1455-52e4-11f0-b51d-7c214a408d59'
    'User-Agent': 'azure-ai-ml/1.27.1 azsdk-python-mgmt-machinelearningservices/0.1.0 Python/3.10.16 (Windows-10-10.0.26100-SP0)'
    'Authorization': 'REDACTED'
No body was attached to the request
2025-06-27 01:20:54,112 - Response status: 200
Response headers:
    'Cache-Control': 'no-cache'
    'Pragma': 'no-cache'
    'Content-Length': '3927'
    'Content-Type': 'application/json; charset=utf-8'
    'Expires': '-1'
    'Vary': 'REDACTED'
    'x-ms-ratelimit-remaining-subscription-reads': '249'
    'x-ms-operation-identifier': 'REDACTED'
    'Request-Context': 'REDACTED'
    'x-ms-response-type': 'REDACTED'
    'Strict-Transport-Security': 'REDACTED'
    'X-Content-Type-Options': 'REDACTED'
    'azureml-served-by-cluster': 'REDACTED'
    'x-request-time': 'REDACTED'
    'x-ms-ratelimit-remaining-subscription-global-reads': 'REDACTED'
    'x-ms-request-id': '1ab30b1a-a3ce-4d9e-99fc-58b029d7e796'
    'x-ms-correlation-request-id': 'REDACTED'
    'x-ms-routing-request-id': 'REDACTED'
    'X-Cache': 'REDACTED'
    'X-MSEdge-Ref': 'Ref A: DD8E98677ACA4F80B4C9FA215E888AA5 Ref B: AMS231022012033 Ref C: 2025-06-26T23:20:57Z'
    'Date': 'Thu, 26 Jun 2025 23:20:57 GMT'
2025-06-27 01:20:55,775 - AzureCliCredential.get_token_info succeeded
2025-06-27 01:20:55,778 - DefaultAzureCredential acquired a token from AzureCliCredential
2025-06-27 01:20:55,778 - Request URL: 'https://management.azure.com/subscriptions/0a94de80-6d3b-49f2-b3e9-ec5818862801/resourceGroups/buas-y2/providers/Microsoft.MachineLearningServices/workspaces/NLP7-2025/environments/nlp7-inference-env/versions?api-version=REDACTED&listViewType=REDACTED'
Request method: 'GET'
Request headers:
    'Accept': 'application/json'
    'x-ms-client-request-id': '34d911af-52e4-11f0-8ec5-7c214a408d59'
    'User-Agent': 'azure-ai-ml/1.27.1 azsdk-python-mgmt-machinelearningservices/0.1.0 Python/3.10.16 (Windows-10-10.0.26100-SP0)'
    'Authorization': 'REDACTED'
No body was attached to the request
2025-06-27 01:20:56,565 - Response status: 404
Response headers:
    'Cache-Control': 'no-cache'
    'Pragma': 'no-cache'
    'Content-Length': '824'
    'Content-Type': 'application/json; charset=utf-8'
    'Expires': '-1'
    'Vary': 'REDACTED'
    'x-ms-ratelimit-remaining-subscription-reads': '249'
    'x-ms-operation-identifier': 'REDACTED'
    'Request-Context': 'REDACTED'
    'x-ms-response-type': 'REDACTED'
    'Strict-Transport-Security': 'REDACTED'
    'X-Content-Type-Options': 'REDACTED'
    'azureml-served-by-cluster': 'REDACTED'
    'x-request-time': 'REDACTED'
    'x-ms-ratelimit-remaining-subscription-global-reads': 'REDACTED'
    'x-ms-request-id': '4a8266ec-7f5e-43a7-8f24-39961ce5c4af'
    'x-ms-correlation-request-id': 'REDACTED'
    'x-ms-routing-request-id': 'REDACTED'
    'X-Cache': 'REDACTED'
    'X-MSEdge-Ref': 'Ref A: F0708336CBB4450B84CEB99AE8814197 Ref B: AMS231022012035 Ref C: 2025-06-26T23:21:00Z'
    'Date': 'Thu, 26 Jun 2025 23:21:00 GMT'
2025-06-27 01:27:24,724 - No environment configuration found.
2025-06-27 01:27:24,736 - ManagedIdentityCredential will use IMDS
2025-06-27 01:27:26,272 - Request URL: 'http://169.254.169.254/metadata/identity/oauth2/token?api-version=REDACTED&resource=REDACTED'
Request method: 'GET'
Request headers:
    'User-Agent': 'azsdk-python-identity/1.23.0 Python/3.10.16 (Windows-10-10.0.26100-SP0)'
No body was attached to the request
2025-06-27 01:27:29,300 - DefaultAzureCredential acquired a token from AzureCliCredential
2025-06-27 01:27:29,303 - Request URL: 'https://management.azure.com/subscriptions/0a94de80-6d3b-49f2-b3e9-ec5818862801/resourceGroups/buas-y2/providers/Microsoft.MachineLearningServices/workspaces/NLP7-2025/models/Emotion-classification/versions?api-version=REDACTED&listViewType=REDACTED'
Request method: 'GET'
Request headers:
    'Accept': 'application/json'
    'x-ms-client-request-id': '1e9787a4-52e5-11f0-bcff-7c214a408d59'
    'User-Agent': 'azure-ai-ml/1.27.1 azsdk-python-mgmt-machinelearningservices/0.1.0 Python/3.10.16 (Windows-10-10.0.26100-SP0)'
    'Authorization': 'REDACTED'
No body was attached to the request
2025-06-27 01:27:29,865 - Response status: 200
Response headers:
    'Cache-Control': 'no-cache'
    'Pragma': 'no-cache'
    'Content-Length': '3927'
    'Content-Type': 'application/json; charset=utf-8'
    'Expires': '-1'
    'Vary': 'REDACTED'
    'x-ms-ratelimit-remaining-subscription-reads': '249'
    'x-ms-operation-identifier': 'REDACTED'
    'Request-Context': 'REDACTED'
    'x-ms-response-type': 'REDACTED'
    'Strict-Transport-Security': 'REDACTED'
    'X-Content-Type-Options': 'REDACTED'
    'azureml-served-by-cluster': 'REDACTED'
    'x-request-time': 'REDACTED'
    'x-ms-ratelimit-remaining-subscription-global-reads': 'REDACTED'
    'x-ms-request-id': '366aafeb-e873-45c4-a457-0fbe35211ee8'
    'x-ms-correlation-request-id': 'REDACTED'
    'x-ms-routing-request-id': 'REDACTED'
    'X-Cache': 'REDACTED'
    'X-MSEdge-Ref': 'Ref A: 7283A83519004C48B721F4BC7B06C361 Ref B: AMS231020615027 Ref C: 2025-06-26T23:27:33Z'
    'Date': 'Thu, 26 Jun 2025 23:27:33 GMT'
2025-06-27 01:27:31,804 - AzureCliCredential.get_token_info succeeded
2025-06-27 01:27:31,808 - DefaultAzureCredential acquired a token from AzureCliCredential
2025-06-27 01:27:31,812 - Request URL: 'https://management.azure.com/subscriptions/0a94de80-6d3b-49f2-b3e9-ec5818862801/resourceGroups/buas-y2/providers/Microsoft.MachineLearningServices/workspaces/NLP7-2025/environments/nlp7-emotion-env/versions/32?api-version=REDACTED'
Request method: 'GET'
Request headers:
    'Accept': 'application/json'
    'x-ms-client-request-id': '20bea672-52e5-11f0-8352-7c214a408d59'
    'User-Agent': 'azure-ai-ml/1.27.1 azsdk-python-mgmt-machinelearningservices/0.1.0 Python/3.10.16 (Windows-10-10.0.26100-SP0)'
    'Authorization': 'REDACTED'
No body was attached to the request
2025-06-27 01:27:32,672 - Response status: 200
Response headers:
    'Cache-Control': 'no-cache'
    'Pragma': 'no-cache'
    'Content-Length': '3925'
    'Content-Type': 'application/json; charset=utf-8'
    'Expires': '-1'
    'Vary': 'REDACTED'
    'x-ms-ratelimit-remaining-subscription-reads': '249'
    'x-ms-operation-identifier': 'REDACTED'
    'Request-Context': 'REDACTED'
    'x-ms-response-type': 'REDACTED'
    'Strict-Transport-Security': 'REDACTED'
    'X-Content-Type-Options': 'REDACTED'
    'azureml-served-by-cluster': 'REDACTED'
    'x-request-time': 'REDACTED'
    'x-ms-ratelimit-remaining-subscription-global-reads': 'REDACTED'
    'x-ms-request-id': 'd28b05bc-3a57-4a5a-bd53-cce4225c3696'
    'x-ms-correlation-request-id': 'REDACTED'
    'x-ms-routing-request-id': 'REDACTED'
    'X-Cache': 'REDACTED'
    'X-MSEdge-Ref': 'Ref A: 5C19DC1CAA7C4B9185EC158B38650C90 Ref B: AMS231020512031 Ref C: 2025-06-26T23:27:36Z'
    'Date': 'Thu, 26 Jun 2025 23:27:36 GMT'
2025-06-27 01:27:32,694 - No environment configuration found.
2025-06-27 01:27:32,697 - ManagedIdentityCredential will use IMDS
2025-06-27 01:27:32,726 - Request URL: 'http://169.254.169.254/metadata/identity/oauth2/token?api-version=REDACTED&resource=REDACTED'
Request method: 'GET'
Request headers:
    'User-Agent': 'azsdk-python-identity/1.23.0 Python/3.10.16 (Windows-10-10.0.26100-SP0)'
No body was attached to the request
2025-06-27 01:27:35,645 - DefaultAzureCredential acquired a token from AzureCliCredential
2025-06-27 01:27:35,647 - Request URL: 'https://management.azure.com/subscriptions/0a94de80-6d3b-49f2-b3e9-ec5818862801/resourceGroups/buas-y2/providers/Microsoft.MachineLearningServices/workspaces/NLP7-2025/onlineEndpoints/emotion-endpoint-v2?api-version=REDACTED'
Request method: 'GET'
Request headers:
    'Accept': 'application/json'
    'x-ms-client-request-id': '227056b1-52e5-11f0-81ab-7c214a408d59'
    'User-Agent': 'azure-ai-ml/1.27.1 azsdk-python-mgmt-machinelearningservices/0.1.0 Python/3.10.16 (Windows-10-10.0.26100-SP0)'
    'Authorization': 'REDACTED'
No body was attached to the request
2025-06-27 01:27:35,987 - Response status: 200
Response headers:
    'Cache-Control': 'no-cache'
    'Pragma': 'no-cache'
    'Content-Length': '1824'
    'Content-Type': 'application/json; charset=utf-8'
    'Expires': '-1'
    'Vary': 'REDACTED'
    'x-ms-ratelimit-remaining-subscription-global-reads': 'REDACTED'
    'x-ms-ratelimit-remaining-subscription-reads': '249'
    'Request-Context': 'REDACTED'
    'x-ms-response-type': 'REDACTED'
    'Strict-Transport-Security': 'REDACTED'
    'X-Content-Type-Options': 'REDACTED'
    'azureml-served-by-cluster': 'REDACTED'
    'x-request-time': 'REDACTED'
    'x-ms-request-id': '1ec18ad7-08a4-4f79-8be5-ea844e36fc0b'
    'x-ms-correlation-request-id': 'REDACTED'
    'x-ms-routing-request-id': 'REDACTED'
    'X-Cache': 'REDACTED'
    'X-MSEdge-Ref': 'Ref A: 5A2F7184CE8F46B5B1859696C66817EE Ref B: AMS231020512027 Ref C: 2025-06-26T23:27:39Z'
    'Date': 'Thu, 26 Jun 2025 23:27:39 GMT'
2025-06-27 01:27:35,992 - Request URL: 'https://management.azure.com/subscriptions/0a94de80-6d3b-49f2-b3e9-ec5818862801/resourceGroups/buas-y2/providers/Microsoft.MachineLearningServices/workspaces/NLP7-2025/onlineEndpoints/emotion-endpoint-v2/deployments?api-version=REDACTED'
Request method: 'GET'
Request headers:
    'Accept': 'application/json'
    'x-ms-client-request-id': '2462b3e0-52e5-11f0-946d-7c214a408d59'
    'User-Agent': 'azure-ai-ml/1.27.1 azsdk-python-mgmt-machinelearningservices/0.1.0 Python/3.10.16 (Windows-10-10.0.26100-SP0)'
    'Authorization': 'REDACTED'
No body was attached to the request
2025-06-27 01:27:36,276 - Response status: 200
Response headers:
    'Cache-Control': 'no-cache'
    'Pragma': 'no-cache'
    'Content-Length': '2673'
    'Content-Type': 'application/json; charset=utf-8'
    'Expires': '-1'
    'Vary': 'REDACTED'
    'x-ms-original-request-ids': 'REDACTED'
    'Request-Context': 'REDACTED'
    'x-ms-response-type': 'REDACTED'
    'Strict-Transport-Security': 'REDACTED'
    'X-Content-Type-Options': 'REDACTED'
    'azureml-served-by-cluster': 'REDACTED'
    'x-request-time': 'REDACTED'
    'x-ms-ratelimit-remaining-subscription-reads': '249'
    'x-ms-ratelimit-remaining-subscription-global-reads': 'REDACTED'
    'x-ms-request-id': '163794b3-0fac-4cfe-a137-bd490732efe9'
    'x-ms-correlation-request-id': 'REDACTED'
    'x-ms-routing-request-id': 'REDACTED'
    'X-Cache': 'REDACTED'
    'X-MSEdge-Ref': 'Ref A: EE2BA7D5D5E14533A1623B05052419AA Ref B: AMS231020512027 Ref C: 2025-06-26T23:27:40Z'
    'Date': 'Thu, 26 Jun 2025 23:27:40 GMT'
2025-06-27 01:27:38,216 - AzureCliCredential.get_token_info succeeded
2025-06-27 01:27:38,216 - DefaultAzureCredential acquired a token from AzureCliCredential
2025-06-27 01:27:38,219 - Request URL: 'https://management.azure.com/subscriptions/0a94de80-6d3b-49f2-b3e9-ec5818862801/resourceGroups/buas-y2/providers/Microsoft.MachineLearningServices/workspaces/NLP7-2025/models/Emotion-classification-full/versions?api-version=REDACTED&listViewType=REDACTED'
Request method: 'GET'
Request headers:
    'Accept': 'application/json'
    'x-ms-client-request-id': '248e9944-52e5-11f0-9736-7c214a408d59'
    'User-Agent': 'azure-ai-ml/1.27.1 azsdk-python-mgmt-machinelearningservices/0.1.0 Python/3.10.16 (Windows-10-10.0.26100-SP0)'
    'Authorization': 'REDACTED'
No body was attached to the request
2025-06-27 01:27:38,604 - Response status: 200
Response headers:
    'Cache-Control': 'no-cache'
    'Pragma': 'no-cache'
    'Content-Length': '17'
    'Content-Type': 'application/json; charset=utf-8'
    'Expires': '-1'
    'x-ms-operation-identifier': 'REDACTED'
    'Request-Context': 'REDACTED'
    'x-ms-response-type': 'REDACTED'
    'Strict-Transport-Security': 'REDACTED'
    'X-Content-Type-Options': 'REDACTED'
    'azureml-served-by-cluster': 'REDACTED'
    'x-request-time': 'REDACTED'
    'x-ms-ratelimit-remaining-subscription-reads': '249'
    'x-ms-ratelimit-remaining-subscription-global-reads': 'REDACTED'
    'x-ms-request-id': '57ba3c81-459d-48bc-95b3-b31e46fc5702'
    'x-ms-correlation-request-id': 'REDACTED'
    'x-ms-routing-request-id': 'REDACTED'
    'X-Cache': 'REDACTED'
    'X-MSEdge-Ref': 'Ref A: EF0044FD64A94B23A735CD891F72E41E Ref B: AMS231020512021 Ref C: 2025-06-26T23:27:42Z'
    'Date': 'Thu, 26 Jun 2025 23:27:42 GMT'
2025-06-27 01:27:38,607 - Request URL: 'https://management.azure.com/subscriptions/0a94de80-6d3b-49f2-b3e9-ec5818862801/resourceGroups/buas-y2/providers/Microsoft.MachineLearningServices/workspaces/NLP7-2025/models/Emotion-classification/versions?api-version=REDACTED&listViewType=REDACTED'
Request method: 'GET'
Request headers:
    'Accept': 'application/json'
    'x-ms-client-request-id': '25f1d0cb-52e5-11f0-9a05-7c214a408d59'
    'User-Agent': 'azure-ai-ml/1.27.1 azsdk-python-mgmt-machinelearningservices/0.1.0 Python/3.10.16 (Windows-10-10.0.26100-SP0)'
    'Authorization': 'REDACTED'
No body was attached to the request
2025-06-27 01:27:39,024 - Response status: 200
Response headers:
    'Cache-Control': 'no-cache'
    'Pragma': 'no-cache'
    'Content-Length': '3927'
    'Content-Type': 'application/json; charset=utf-8'
    'Expires': '-1'
    'Vary': 'REDACTED'
    'x-ms-ratelimit-remaining-subscription-reads': '249'
    'x-ms-operation-identifier': 'REDACTED'
    'Request-Context': 'REDACTED'
    'x-ms-response-type': 'REDACTED'
    'Strict-Transport-Security': 'REDACTED'
    'X-Content-Type-Options': 'REDACTED'
    'azureml-served-by-cluster': 'REDACTED'
    'x-request-time': 'REDACTED'
    'x-ms-ratelimit-remaining-subscription-global-reads': 'REDACTED'
    'x-ms-request-id': 'd0859746-8a93-4fd5-af50-f20af2373529'
    'x-ms-correlation-request-id': 'REDACTED'
    'x-ms-routing-request-id': 'REDACTED'
    'X-Cache': 'REDACTED'
    'X-MSEdge-Ref': 'Ref A: 24EEE321CAB14FABBCBD0F8DFC359AA1 Ref B: AMS231020512021 Ref C: 2025-06-26T23:27:42Z'
    'Date': 'Thu, 26 Jun 2025 23:27:42 GMT'
2025-06-27 01:27:40,950 - AzureCliCredential.get_token_info succeeded
2025-06-27 01:27:40,953 - DefaultAzureCredential acquired a token from AzureCliCredential
2025-06-27 01:27:40,957 - Request URL: 'https://management.azure.com/subscriptions/0a94de80-6d3b-49f2-b3e9-ec5818862801/resourceGroups/buas-y2/providers/Microsoft.MachineLearningServices/workspaces/NLP7-2025/environments/nlp7-inference-env/versions?api-version=REDACTED&listViewType=REDACTED'
Request method: 'GET'
Request headers:
    'Accept': 'application/json'
    'x-ms-client-request-id': '2631ff64-52e5-11f0-86f0-7c214a408d59'
    'User-Agent': 'azure-ai-ml/1.27.1 azsdk-python-mgmt-machinelearningservices/0.1.0 Python/3.10.16 (Windows-10-10.0.26100-SP0)'
    'Authorization': 'REDACTED'
No body was attached to the request
2025-06-27 01:27:41,478 - Response status: 404
Response headers:
    'Cache-Control': 'no-cache'
    'Pragma': 'no-cache'
    'Content-Length': '824'
    'Content-Type': 'application/json; charset=utf-8'
    'Expires': '-1'
    'Vary': 'REDACTED'
    'x-ms-ratelimit-remaining-subscription-reads': '249'
    'x-ms-operation-identifier': 'REDACTED'
    'Request-Context': 'REDACTED'
    'x-ms-response-type': 'REDACTED'
    'Strict-Transport-Security': 'REDACTED'
    'X-Content-Type-Options': 'REDACTED'
    'azureml-served-by-cluster': 'REDACTED'
    'x-request-time': 'REDACTED'
    'x-ms-ratelimit-remaining-subscription-global-reads': 'REDACTED'
    'x-ms-request-id': 'fb472e98-f5c7-486c-815c-f8b991a7a8e3'
    'x-ms-correlation-request-id': 'REDACTED'
    'x-ms-routing-request-id': 'REDACTED'
    'X-Cache': 'REDACTED'
    'X-MSEdge-Ref': 'Ref A: E3C4CA3C2FBC4DD4A1DE85BCDA31E4ED Ref B: AMS231032607029 Ref C: 2025-06-26T23:27:45Z'
    'Date': 'Thu, 26 Jun 2025 23:27:45 GMT'
